#
# There is insufficient memory for the Java Runtime Environment to continue.
# Native memory allocation (malloc) failed to allocate 117056 bytes for Chunk::new
# Possible reasons:
#   The system is out of physical RAM or swap space
#   In 32 bit mode, the process size limit was hit
# Possible solutions:
#   Reduce memory load on the system
#   Increase physical memory or swap space
#   Check if swap backing store is full
#   Use 64 bit Java on a 64 bit OS
#   Decrease Java heap size (-Xmx/-Xms)
#   Decrease number of Java threads
#   Decrease Java thread stack sizes (-Xss)
#   Set larger code cache with -XX:ReservedCodeCacheSize=
# This output file may be truncated or incomplete.
#
#  Out of Memory Error (allocation.cpp:390), pid=1396, tid=0x0000000000002a8c
#
# JRE version: OpenJDK Runtime Environment (8.0_76-b03) (build 1.8.0_76-release-b03)
# Java VM: OpenJDK 64-Bit Server VM (25.76-b03 mixed mode windows-amd64 compressed oops)
# Failed to write core dump. Minidumps are not enabled by default on client versions of Windows
#

---------------  T H R E A D  ---------------

Current thread (0x000000001502d800):  JavaThread "C2 CompilerThread0" daemon [_thread_in_native, id=10892, stack(0x0000000016680000,0x0000000016780000)]

Stack: [0x0000000016680000,0x0000000016780000]
[error occurred during error reporting (printing stack bounds), id 0xc0000005]

Native frames: (J=compiled Java code, j=interpreted, Vv=VM code, C=native code)


Current CompileTask:
C2:   2303 1012       4       com.android.dx.ssa.NormalSsaInsn::accept (25 bytes)


---------------  P R O C E S S  ---------------

Java Threads: ( => current thread )
  0x0000000016b11800 JavaThread "pool-1-thread-4" [_thread_blocked, id=8260, stack(0x0000000017380000,0x0000000017480000)]
  0x0000000016c3c800 JavaThread "pool-1-thread-3" [_thread_blocked, id=1924, stack(0x0000000017280000,0x0000000017380000)]
  0x0000000016c3b800 JavaThread "pool-1-thread-2" [_thread_blocked, id=11368, stack(0x0000000017180000,0x0000000017280000)]
  0x0000000016c39000 JavaThread "pool-2-thread-1" [_thread_blocked, id=9196, stack(0x0000000017080000,0x0000000017180000)]
  0x0000000016c38000 JavaThread "pool-1-thread-1" [_thread_blocked, id=9404, stack(0x0000000016f80000,0x0000000017080000)]
  0x0000000016894800 JavaThread "Service Thread" daemon [_thread_blocked, id=2020, stack(0x0000000016d80000,0x0000000016e80000)]
  0x0000000016888800 JavaThread "C1 CompilerThread2" daemon [_thread_blocked, id=10492, stack(0x0000000016c80000,0x0000000016d80000)]
  0x000000001502f800 JavaThread "C2 CompilerThread1" daemon [_thread_blocked, id=4476, stack(0x0000000016780000,0x0000000016880000)]
=>0x000000001502d800 JavaThread "C2 CompilerThread0" daemon [_thread_in_native, id=10892, stack(0x0000000016680000,0x0000000016780000)]
  0x000000001502c000 JavaThread "Attach Listener" daemon [_thread_blocked, id=6944, stack(0x0000000016580000,0x0000000016680000)]
  0x000000001502a800 JavaThread "Signal Dispatcher" daemon [_thread_blocked, id=6568, stack(0x0000000016480000,0x0000000016580000)]
  0x000000000295b000 JavaThread "Finalizer" daemon [_thread_blocked, id=9152, stack(0x0000000016290000,0x0000000016390000)]
  0x0000000002950000 JavaThread "Reference Handler" daemon [_thread_blocked, id=952, stack(0x0000000016190000,0x0000000016290000)]
  0x00000000026fd800 JavaThread "main" [_thread_blocked, id=3188, stack(0x0000000002760000,0x0000000002860000)]

Other Threads:
  0x0000000014ff4800 VMThread [stack: 0x0000000016090000,0x0000000016190000] [id=6712]
  0x0000000016889000 WatcherThread [stack: 0x0000000016e80000,0x0000000016f80000] [id=9804]

VM state:at safepoint (normal execution)

VM Mutex/Monitor currently owned by a thread:  ([mutex/lock_event])
[0x00000000026fc550] Threads_lock - owner thread: 0x0000000014ff4800
[0x00000000026fced0] Heap_lock - owner thread: 0x0000000016c3c800

Heap:
 PSYoungGen      total 38400K, used 33280K [0x00000000eab00000, 0x00000000ed580000, 0x0000000100000000)
  eden space 33280K, 100% used [0x00000000eab00000,0x00000000ecb80000,0x00000000ecb80000)
  from space 5120K, 0% used [0x00000000ed080000,0x00000000ed080000,0x00000000ed580000)
  to   space 5120K, 10% used [0x00000000ecb80000,0x00000000ecc0c010,0x00000000ed080000)
 ParOldGen       total 87552K, used 0K [0x00000000c0000000, 0x00000000c5580000, 0x00000000eab00000)
  object space 87552K, 0% used [0x00000000c0000000,0x00000000c0000000,0x00000000c5580000)
 Metaspace       used 5776K, capacity 6768K, committed 7040K, reserved 1056768K
  class space    used 569K, capacity 616K, committed 640K, reserved 1048576K

Card table byte_map: [0x0000000011d20000,0x0000000011f30000] byte_map_base: 0x0000000011720000

Marking Bits: (ParMarkBitMap*) 0x0000000067519d00
 Begin Bits: [0x0000000012490000, 0x0000000013490000)
 End Bits:   [0x0000000013490000, 0x0000000014490000)

Polling page: 0x0000000002700000

CodeCache: size=245760Kb used=4210Kb max_used=4210Kb free=241549Kb
 bounds [0x0000000002960000, 0x0000000002d80000, 0x0000000011960000]
 total_blobs=1326 nmethods=1058 adapters=182
 compilation: enabled

Compilation events (10 events):
Event: 2.297 Thread 0x0000000016888800 nmethod 1022 0x0000000002d7af90 code [0x0000000002d7b100, 0x0000000002d7b2a8]
Event: 2.297 Thread 0x0000000016888800 1045       3       com.android.dx.dex.code.RopTranslator::getRegs (64 bytes)
Event: 2.299 Thread 0x0000000016888800 nmethod 1045 0x0000000002d7b390 code [0x0000000002d7b680, 0x0000000002d7d378]
Event: 2.299 Thread 0x0000000016888800 1068       3       com.android.dx.cf.code.BasicBlocker::addWorkIfNecessary (32 bytes)
Event: 2.299 Thread 0x0000000016888800 nmethod 1068 0x0000000002d7e410 code [0x0000000002d7e5a0, 0x0000000002d7e970]
Event: 2.299 Thread 0x0000000016888800 1039       3       com.android.dx.rop.cst.CstMemberRef::<init> (43 bytes)
Event: 2.300 Thread 0x0000000016888800 nmethod 1039 0x0000000002d7ec90 code [0x0000000002d7ee40, 0x0000000002d7f2b8]
Event: 2.300 Thread 0x0000000016888800 1056       3       com.android.dx.dex.code.CstInsn::<init> (39 bytes)
Event: 2.300 Thread 0x0000000016888800 nmethod 1056 0x0000000002d7f490 code [0x0000000002d7f620, 0x0000000002d7f938]
Event: 2.300 Thread 0x0000000016888800 1067       3       com.android.dx.util.LabeledList::<init> (18 bytes)

GC Heap History (0 events):
No events

Deoptimization events (8 events):
Event: 0.394 Thread 0x00000000026fd800 Uncommon trap: reason=unstable_if action=reinterpret pc=0x0000000002aac610 method=java.lang.String.indexOf(II)I @ 49
Event: 1.544 Thread 0x00000000026fd800 Uncommon trap: reason=unstable_if action=reinterpret pc=0x0000000002b85ac4 method=java.util.HashMap.getNode(ILjava/lang/Object;)Ljava/util/HashMap$Node; @ 62
Event: 1.593 Thread 0x0000000016c3b800 Uncommon trap: reason=unstable_if action=reinterpret pc=0x0000000002b91bf0 method=java.util.BitSet.nextSetBit(I)I @ 87
Event: 2.183 Thread 0x0000000016c38000 Uncommon trap: reason=class_check action=maybe_recompile pc=0x0000000002c28afc method=com.android.dx.ssa.NormalSsaInsn.accept(Lcom/android/dx/ssa/SsaInsn$Visitor;)V @ 9
Event: 2.183 Thread 0x0000000016c38000 Uncommon trap: reason=class_check action=maybe_recompile pc=0x0000000002b99070 method=com.android.dx.ssa.NormalSsaInsn.accept(Lcom/android/dx/ssa/SsaInsn$Visitor;)V @ 9
Event: 2.183 Thread 0x0000000016c38000 Uncommon trap: reason=class_check action=maybe_recompile pc=0x0000000002b99070 method=com.android.dx.ssa.NormalSsaInsn.accept(Lcom/android/dx/ssa/SsaInsn$Visitor;)V @ 9
Event: 2.192 Thread 0x0000000016c38000 Uncommon trap: reason=class_check action=maybe_recompile pc=0x0000000002c28afc method=com.android.dx.ssa.NormalSsaInsn.accept(Lcom/android/dx/ssa/SsaInsn$Visitor;)V @ 9
Event: 2.192 Thread 0x0000000016c38000 Uncommon trap: reason=class_check action=maybe_recompile pc=0x0000000002b99070 method=com.android.dx.ssa.NormalSsaInsn.accept(Lcom/android/dx/ssa/SsaInsn$Visitor;)V @ 9

Internal exceptions (2 events):
Event: 0.044 Thread 0x00000000026fd800 Exception <a 'java/lang/NoSuchMethodError': Method sun.misc.Unsafe.defineClass(Ljava/lang/String;[BII)Ljava/lang/Class; name or signature does not match> (0x00000000eab07cc0) thrown at [C:\src\android\AOSP-openjdk\external\jetbrains\jdk\hotspot\src\share\v(0çzü¶?
Event: 0.044 Thread 0x00000000026fd800 Exception <a 'java/lang/NoSuchMethodError': Method sun.misc.Unsafe.prefetchRead(Ljava/lang/Object;J)V name or signature does not match> (0x00000000eab07fa8) thrown at [C:\src\android\AOSP-openjdk\external\jetbrains\jdk\hotspot\src\share\vm\prims\jni.cpp, l

Events (10 events):
Event: 2.183 Thread 0x0000000016c38000 Uncommon trap: trap_request=0xffffffde fr.pc=0x0000000002b99070
Event: 2.183 Thread 0x0000000016c38000 DEOPT PACKING pc=0x0000000002b99070 sp=0x000000001707e6e0
Event: 2.183 Thread 0x0000000016c38000 DEOPT UNPACKING pc=0x00000000029a556a sp=0x000000001707e680 mode 2
Event: 2.192 Thread 0x0000000016c38000 Uncommon trap: trap_request=0xffffffde fr.pc=0x0000000002c28afc
Event: 2.192 Thread 0x0000000016c38000 DEOPT PACKING pc=0x0000000002c28afc sp=0x000000001707e6a0
Event: 2.192 Thread 0x0000000016c38000 DEOPT UNPACKING pc=0x00000000029a556a sp=0x000000001707e690 mode 2
Event: 2.192 Thread 0x0000000016c38000 Uncommon trap: trap_request=0xffffffde fr.pc=0x0000000002b99070
Event: 2.192 Thread 0x0000000016c38000 DEOPT PACKING pc=0x0000000002b99070 sp=0x000000001707e6e0
Event: 2.192 Thread 0x0000000016c38000 DEOPT UNPACKING pc=0x00000000029a556a sp=0x000000001707e680 mode 2
Event: 2.300 Executing VM operation: ParallelGCFailedAllocation


Dynamic libraries:
0x00007ff695b00000 - 0x00007ff695b31000 	E:\Tools\android-studio-ide-145.3225885-windows\android-studio\jre\bin\java.exe
0x00007ffbaadc0000 - 0x00007ffbaaf81000 	C:\WINDOWS\SYSTEM32\ntdll.dll
0x00007ffbaa1d0000 - 0x00007ffbaa27d000 	C:\WINDOWS\system32\KERNEL32.DLL
0x00007ffba7f20000 - 0x00007ffba8108000 	C:\WINDOWS\system32\KERNELBASE.dll
0x00007ffbaa520000 - 0x00007ffbaa5c7000 	C:\WINDOWS\system32\ADVAPI32.dll
0x00007ffba9c00000 - 0x00007ffba9c9d000 	C:\WINDOWS\system32\msvcrt.dll
0x00007ffba9b50000 - 0x00007ffba9bab000 	C:\WINDOWS\system32\sechost.dll
0x00007ffbaac90000 - 0x00007ffbaadac000 	C:\WINDOWS\system32\RPCRT4.dll
0x00007ffbaa3c0000 - 0x00007ffbaa516000 	C:\WINDOWS\system32\USER32.dll
0x00007ffba9ca0000 - 0x00007ffba9e26000 	C:\WINDOWS\system32\GDI32.dll
0x00007ffb99c30000 - 0x00007ffb99ea4000 	C:\WINDOWS\WinSxS\amd64_microsoft.windows.common-controls_6595b64144ccf1df_6.0.10586.589_none_a2ddb3caa539acce\COMCTL32.dll
0x00007ffbaa640000 - 0x00007ffbaa8bd000 	C:\WINDOWS\system32\combase.dll
0x00007ffba7470000 - 0x00007ffba74da000 	C:\WINDOWS\system32\bcryptPrimitives.dll
0x00007ffba9bb0000 - 0x00007ffba9beb000 	C:\WINDOWS\system32\IMM32.DLL
0x0000000066910000 - 0x00000000669e2000 	E:\Tools\android-studio-ide-145.3225885-windows\android-studio\jre\jre\bin\msvcr100.dll
0x0000000066d60000 - 0x0000000067594000 	E:\Tools\android-studio-ide-145.3225885-windows\android-studio\jre\jre\bin\server\jvm.dll
0x00007ffbaac80000 - 0x00007ffbaac88000 	C:\WINDOWS\system32\PSAPI.DLL
0x00007ffba5a60000 - 0x00007ffba5a69000 	C:\WINDOWS\SYSTEM32\WSOCK32.dll
0x00007ffbaa5d0000 - 0x00007ffbaa63b000 	C:\WINDOWS\system32\WS2_32.dll
0x00007ffba5350000 - 0x00007ffba5373000 	C:\WINDOWS\SYSTEM32\WINMM.dll
0x00007ffb9c1b0000 - 0x00007ffb9c1ba000 	C:\WINDOWS\SYSTEM32\VERSION.dll
0x00007ffba5320000 - 0x00007ffba534c000 	C:\WINDOWS\SYSTEM32\WINMMBASE.dll
0x00007ffba7b90000 - 0x00007ffba7bd3000 	C:\WINDOWS\system32\cfgmgr32.dll
0x00007ffba1c70000 - 0x00007ffba1c7f000 	E:\Tools\android-studio-ide-145.3225885-windows\android-studio\jre\jre\bin\verify.dll
0x00007ffb93140000 - 0x00007ffb93169000 	E:\Tools\android-studio-ide-145.3225885-windows\android-studio\jre\jre\bin\java.dll
0x00007ffb958a0000 - 0x00007ffb958b6000 	E:\Tools\android-studio-ide-145.3225885-windows\android-studio\jre\jre\bin\zip.dll
0x00007ffba81c0000 - 0x00007ffba971c000 	C:\WINDOWS\system32\SHELL32.dll
0x00007ffba7540000 - 0x00007ffba7b85000 	C:\WINDOWS\system32\windows.storage.dll
0x00007ffbaabc0000 - 0x00007ffbaac12000 	C:\WINDOWS\system32\shlwapi.dll
0x00007ffba7410000 - 0x00007ffba741f000 	C:\WINDOWS\system32\kernel.appcore.dll
0x00007ffba7be0000 - 0x00007ffba7c95000 	C:\WINDOWS\system32\shcore.dll
0x00007ffba7420000 - 0x00007ffba746b000 	C:\WINDOWS\system32\powrprof.dll
0x00007ffba73e0000 - 0x00007ffba73f4000 	C:\WINDOWS\system32\profapi.dll

VM Arguments:
jvm_args: -Djava.awt.headless=true -Xmx1024M -Dfile.encoding=windows-1252 -Duser.country=US -Duser.language=en -Duser.variant 
java_command: com.android.dx.command.Main --dex --num-threads=4 --output D:\Source codes\ToiDV\android-best-practice\app\build\intermediates\pre-dexed\debug\rxjava-1.1.1_30b2f2d218608ea1ba1f0329f22afe487df5d1b4.jar C:\Users\TOIDV\.gradle\caches\modules-2\files-2.1\io.reactivex\rxjava\1.1.1\b494968f6050d494de55dc3ce005e59c7eb40012\rxjava-1.1.1.jar
java_class_path (initial): C:\Users\TOIDV\AppData\Local\Android\sdk\build-tools\24.0.0\lib\dx.jar
Launcher Type: SUN_STANDARD

Environment Variables:
PATH=C:\ProgramData\Oracle\Java\javapath;C:\WINDOWS\system32;C:\WINDOWS;C:\WINDOWS\System32\Wbem;C:\WINDOWS\System32\WindowsPowerShell\v1.0\;C:\Program Files (x86)\GtkSharp\2.12\bin;C:\Program Files (x86)\GitExtensions\;C:\Program Files\Java\jdk1.8.0_60\bin;D:\Tools\openssl-0.9.8k_X64\bin;C:\Users\TOIDV\AppData\Local\Android\sdk\platform-tools;C:\Program Files\nodejs\;C:\Program Files (x86)\EaseUS\Todo Backup\bin;C:\Go\bin;C:\ProgramData\chocolatey\bin;C:\tools\ruby23\bin;C:\ProgramData\chocolatey;C:\Program Files (x86)\scala\bin;C:\tools\python2;C:\Program Files (x86)\Skype\Phone\;E:\Tools\openssl-0.9.8k_X64\bin;E:\Tools\Android Tool\pidcat-master\pidcat.py;C:\tools\ruby23\bin;C:\KonyVisualizerEnterprise7.0.0/gradle/bin;C:\KonyVisualizerEnterprise7.0.0\ImageMagick;C:\KonyVisualizerEnterprise7.0.0\Ant\bin;C:\Users\TOIDV\AppData\Local\Android\sdk\platform-tools;C:\Users\TOIDV\AppData\Local\Android\sdk\tools;C:\KonyVisualizerEnterprise7.0.0\Java\jdk1.7.0_67\bin;C:\Go\bin;C:\Users\TOIDV\AppData\Roaming\npm;C:\Users\TOIDV\AppData\Local\atom\bin;C:\Program Files (x86)\Microsoft VS Code\bin;C:\Program Files (x86)\EaseUS\Todo Backup\bin\x64\
USERNAME=TOIDV
OS=Windows_NT
PROCESSOR_IDENTIFIER=Intel64 Family 6 Model 42 Stepping 7, GenuineIntel



---------------  S Y S T E M  ---------------

OS: Windows 10.0 , 64 bit Build 10586 (10.0.10586.589)

CPU:total 4 (2 cores per cpu, 2 threads per core) family 6 model 42 stepping 7, cmov, cx8, fxsr, mmx, sse, sse2, sse3, ssse3, sse4.1, sse4.2, popcnt, avx, aes, clmul, ht, tsc, tscinvbit

Memory: 4k page, physical 8268024k(1162420k free), swap 14947552k(3276k free)

vm_info: OpenJDK 64-Bit Server VM (25.76-b03) for windows-amd64 JRE (1.8.0_76-release-b03), built on Jun 29 2016 19:09:20 by "ralucas" with MS VC++ 10.0 (VS2010)

time: Thu Nov 03 10:49:47 2016
elapsed time: 2 seconds (0d 0h 0m 2s)

