#
# There is insufficient memory for the Java Runtime Environment to continue.
# Native memory allocation (malloc) failed to allocate 1030256 bytes for Chunk::new
# Possible reasons:
#   The system is out of physical RAM or swap space
#   In 32 bit mode, the process size limit was hit
# Possible solutions:
#   Reduce memory load on the system
#   Increase physical memory or swap space
#   Check if swap backing store is full
#   Use 64 bit Java on a 64 bit OS
#   Decrease Java heap size (-Xmx/-Xms)
#   Decrease number of Java threads
#   Decrease Java thread stack sizes (-Xss)
#   Set larger code cache with -XX:ReservedCodeCacheSize=
# This output file may be truncated or incomplete.
#
#  Out of Memory Error (allocation.cpp:390), pid=12204, tid=0x00000000000007e8
#
# JRE version: OpenJDK Runtime Environment (8.0_76-b03) (build 1.8.0_76-release-b03)
# Java VM: OpenJDK 64-Bit Server VM (25.76-b03 mixed mode windows-amd64 compressed oops)
# Failed to write core dump. Minidumps are not enabled by default on client versions of Windows
#

---------------  T H R E A D  ---------------

Current thread (0x000000001571d800):  JavaThread "C2 CompilerThread0" daemon [_thread_in_native, id=2024, stack(0x0000000016d70000,0x0000000016e70000)]

Stack: [0x0000000016d70000,0x0000000016e70000]
[error occurred during error reporting (printing stack bounds), id 0xc0000005]

Native frames: (J=compiled Java code, j=interpreted, Vv=VM code, C=native code)


Current CompileTask:
C2:   3897 1518   !   4       com.android.dx.cf.code.BytecodeArray::parseInstruction (2764 bytes)


---------------  P R O C E S S  ---------------

Java Threads: ( => current thread )
  0x0000000017072800 JavaThread "Service Thread" daemon [_thread_blocked, id=1640, stack(0x0000000017470000,0x0000000017570000)]
  0x000000001577c800 JavaThread "C1 CompilerThread2" daemon [_thread_in_native, id=5924, stack(0x0000000016f70000,0x0000000017070000)]
  0x0000000015771000 JavaThread "C2 CompilerThread1" daemon [_thread_in_native, id=10444, stack(0x0000000016e70000,0x0000000016f70000)]
=>0x000000001571d800 JavaThread "C2 CompilerThread0" daemon [_thread_in_native, id=2024, stack(0x0000000016d70000,0x0000000016e70000)]
  0x000000001571c000 JavaThread "Attach Listener" daemon [_thread_blocked, id=4048, stack(0x0000000016c70000,0x0000000016d70000)]
  0x000000001571b000 JavaThread "Signal Dispatcher" daemon [_thread_blocked, id=9548, stack(0x0000000016b70000,0x0000000016c70000)]
  0x0000000003045800 JavaThread "Finalizer" daemon [_thread_blocked, id=11776, stack(0x0000000016990000,0x0000000016a90000)]
  0x0000000003040000 JavaThread "Reference Handler" daemon [_thread_blocked, id=11112, stack(0x0000000016890000,0x0000000016990000)]
  0x0000000002d0d800 JavaThread "main" [_thread_in_Java, id=5336, stack(0x0000000002d10000,0x0000000002e10000)]

Other Threads:
  0x00000000156e4800 VMThread [stack: 0x0000000016790000,0x0000000016890000] [id=908]
  0x0000000017074800 WatcherThread [stack: 0x0000000017570000,0x0000000017670000] [id=5980]

VM state:not at safepoint (normal execution)

VM Mutex/Monitor currently owned by a thread: None

Heap:
 PSYoungGen      total 38400K, used 28197K [0x00000000eab00000, 0x00000000ef600000, 0x0000000100000000)
  eden space 33280K, 69% used [0x00000000eab00000,0x00000000ec18c088,0x00000000ecb80000)
  from space 5120K, 99% used [0x00000000ed080000,0x00000000ed57d500,0x00000000ed580000)
  to   space 5120K, 0% used [0x00000000ecb80000,0x00000000ecb80000,0x00000000ed080000)
 ParOldGen       total 87552K, used 5944K [0x00000000c0000000, 0x00000000c5580000, 0x00000000eab00000)
  object space 87552K, 6% used [0x00000000c0000000,0x00000000c05ce178,0x00000000c5580000)
 Metaspace       used 6387K, capacity 7280K, committed 7552K, reserved 1056768K
  class space    used 592K, capacity 616K, committed 640K, reserved 1048576K

Card table byte_map: [0x0000000012410000,0x0000000012620000] byte_map_base: 0x0000000011e10000

Marking Bits: (ParMarkBitMap*) 0x0000000067519d00
 Begin Bits: [0x0000000012b80000, 0x0000000013b80000)
 End Bits:   [0x0000000013b80000, 0x0000000014b80000)

Polling page: 0x0000000001580000

CodeCache: size=245760Kb used=6973Kb max_used=6973Kb free=238786Kb
 bounds [0x0000000003050000, 0x0000000003730000, 0x0000000012050000]
 total_blobs=2082 nmethods=1814 adapters=182
 compilation: enabled

Compilation events (10 events):
Event: 3.882 Thread 0x000000001577c800 nmethod 1826 0x000000000371eb50 code [0x000000000371ed40, 0x000000000371f3d8]
Event: 3.882 Thread 0x000000001577c800 1825       3       com.android.dx.dex.code.LocalList$MakeState::endLocal (10 bytes)
Event: 3.883 Thread 0x000000001577c800 nmethod 1825 0x000000000371f890 code [0x000000000371fa00, 0x000000000371fb88]
Event: 3.883 Thread 0x000000001577c800 1827       3       java.util.Arrays::fill (21 bytes)
Event: 3.883 Thread 0x000000001577c800 nmethod 1827 0x000000000371fc50 code [0x000000000371fdc0, 0x000000000371ffb0]
Event: 3.893 Thread 0x000000001577c800 1828       3       com.android.dx.dex.code.DalvCode::finishProcessingIfNecessary (69 bytes)
Event: 3.893 Thread 0x000000001577c800 nmethod 1828 0x0000000003720090 code [0x0000000003720240, 0x0000000003720698]
Event: 3.893 Thread 0x000000001577c800 1832       3       com.android.dx.dex.code.OutputFinisher::assignAddressesAndFixBranches (15 bytes)
Event: 3.893 Thread 0x000000001577c800 nmethod 1832 0x0000000003720850 code [0x00000000037209e0, 0x0000000003720c58]
Event: 3.893 Thread 0x000000001577c800 1829       3       com.android.dx.dex.file.CodeItem::place0 (88 bytes)

GC Heap History (4 events):
Event: 2.860 GC heap before
{Heap before GC invocations=1 (full 0):
 PSYoungGen      total 38400K, used 33280K [0x00000000eab00000, 0x00000000ed580000, 0x0000000100000000)
  eden space 33280K, 100% used [0x00000000eab00000,0x00000000ecb80000,0x00000000ecb80000)
  from space 5120K, 0% used [0x00000000ed080000,0x00000000ed080000,0x00000000ed580000)
  to   space 5120K, 0% used [0x00000000ecb80000,0x00000000ecb80000,0x00000000ed080000)
 ParOldGen       total 87552K, used 0K [0x00000000c0000000, 0x00000000c5580000, 0x00000000eab00000)
  object space 87552K, 0% used [0x00000000c0000000,0x00000000c0000000,0x00000000c5580000)
 Metaspace       used 5944K, capacity 6960K, committed 7040K, reserved 1056768K
  class space    used 573K, capacity 616K, committed 640K, reserved 1048576K
Event: 2.883 GC heap after
Heap after GC invocations=1 (full 0):
 PSYoungGen      total 38400K, used 5111K [0x00000000eab00000, 0x00000000ed580000, 0x0000000100000000)
  eden space 33280K, 0% used [0x00000000eab00000,0x00000000eab00000,0x00000000ecb80000)
  from space 5120K, 99% used [0x00000000ecb80000,0x00000000ed07dc48,0x00000000ed080000)
  to   space 5120K, 0% used [0x00000000ed080000,0x00000000ed080000,0x00000000ed580000)
 ParOldGen       total 87552K, used 1718K [0x00000000c0000000, 0x00000000c5580000, 0x00000000eab00000)
  object space 87552K, 1% used [0x00000000c0000000,0x00000000c01adb30,0x00000000c5580000)
 Metaspace       used 5944K, capacity 6960K, committed 7040K, reserved 1056768K
  class space    used 573K, capacity 616K, committed 640K, reserved 1048576K
}
Event: 3.194 GC heap before
{Heap before GC invocations=2 (full 0):
 PSYoungGen      total 38400K, used 38391K [0x00000000eab00000, 0x00000000ed580000, 0x0000000100000000)
  eden space 33280K, 100% used [0x00000000eab00000,0x00000000ecb80000,0x00000000ecb80000)
  from space 5120K, 99% used [0x00000000ecb80000,0x00000000ed07dc48,0x00000000ed080000)
  to   space 5120K, 0% used [0x00000000ed080000,0x00000000ed080000,0x00000000ed580000)
 ParOldGen       total 87552K, used 1718K [0x00000000c0000000, 0x00000000c5580000, 0x00000000eab00000)
  object space 87552K, 1% used [0x00000000c0000000,0x00000000c01adb30,0x00000000c5580000)
 Metaspace       used 6049K, capacity 7024K, committed 7296K, reserved 1056768K
  class space    used 576K, capacity 616K, committed 640K, reserved 1048576K
Event: 3.209 GC heap after
Heap after GC invocations=2 (full 0):
 PSYoungGen      total 38400K, used 5109K [0x00000000eab00000, 0x00000000ef600000, 0x0000000100000000)
  eden space 33280K, 0% used [0x00000000eab00000,0x00000000eab00000,0x00000000ecb80000)
  from space 5120K, 99% used [0x00000000ed080000,0x00000000ed57d500,0x00000000ed580000)
  to   space 5120K, 0% used [0x00000000ecb80000,0x00000000ecb80000,0x00000000ed080000)
 ParOldGen       total 87552K, used 5944K [0x00000000c0000000, 0x00000000c5580000, 0x00000000eab00000)
  object space 87552K, 6% used [0x00000000c0000000,0x00000000c05ce178,0x00000000c5580000)
 Metaspace       used 6049K, capacity 7024K, committed 7296K, reserved 1056768K
  class space    used 576K, capacity 616K, committed 640K, reserved 1048576K
}

Deoptimization events (10 events):
Event: 3.608 Thread 0x0000000002d0d800 Uncommon trap: reason=class_check action=maybe_recompile pc=0x000000000351b428 method=java.util.Arrays.hashCode([Ljava/lang/Object;)I @ 43
Event: 3.733 Thread 0x0000000002d0d800 Uncommon trap: reason=speculate_class_check action=maybe_recompile pc=0x00000000033cbd58 method=com.android.dx.util.FixedSizeList.equals(Ljava/lang/Object;)Z @ 25
Event: 3.733 Thread 0x0000000002d0d800 Uncommon trap: reason=class_check action=maybe_recompile pc=0x00000000033ccd5c method=java.util.Arrays.equals([Ljava/lang/Object;[Ljava/lang/Object;)Z @ 62
Event: 3.733 Thread 0x0000000002d0d800 Uncommon trap: reason=speculate_class_check action=maybe_recompile pc=0x00000000033cbd58 method=com.android.dx.util.FixedSizeList.equals(Ljava/lang/Object;)Z @ 25
Event: 3.733 Thread 0x0000000002d0d800 Uncommon trap: reason=class_check action=maybe_recompile pc=0x00000000033ccd5c method=java.util.Arrays.equals([Ljava/lang/Object;[Ljava/lang/Object;)Z @ 62
Event: 3.733 Thread 0x0000000002d0d800 Uncommon trap: reason=speculate_class_check action=maybe_recompile pc=0x00000000033cbd58 method=com.android.dx.util.FixedSizeList.equals(Ljava/lang/Object;)Z @ 25
Event: 3.733 Thread 0x0000000002d0d800 Uncommon trap: reason=class_check action=maybe_recompile pc=0x00000000033ccd5c method=java.util.Arrays.equals([Ljava/lang/Object;[Ljava/lang/Object;)Z @ 62
Event: 3.733 Thread 0x0000000002d0d800 Uncommon trap: reason=speculate_class_check action=maybe_recompile pc=0x00000000033cbd58 method=com.android.dx.util.FixedSizeList.equals(Ljava/lang/Object;)Z @ 25
Event: 3.733 Thread 0x0000000002d0d800 Uncommon trap: reason=class_check action=maybe_recompile pc=0x00000000033ccd5c method=java.util.Arrays.equals([Ljava/lang/Object;[Ljava/lang/Object;)Z @ 62
Event: 3.812 Thread 0x0000000002d0d800 Uncommon trap: reason=unstable_if action=reinterpret pc=0x00000000036bb940 method=com.android.dx.dex.code.OutputFinisher.findOpcodeForInsn(Lcom/android/dx/dex/code/DalvInsn;Lcom/android/dx/dex/code/Dop;)Lcom/android/dx/dex/code/Dop; @ 1

Internal exceptions (4 events):
Event: 0.098 Thread 0x0000000002d0d800 Exception <a 'java/lang/NoSuchMethodError': Method sun.misc.Unsafe.defineClass(Ljava/lang/String;[BII)Ljava/lang/Class; name or signature does not match> (0x00000000eab07cc0) thrown at [C:\src\android\AOSP-openjdk\external\jetbrains\jdk\hotspot\src\share\vë¶>ß(¹?
Event: 0.098 Thread 0x0000000002d0d800 Exception <a 'java/lang/NoSuchMethodError': Method sun.misc.Unsafe.prefetchRead(Ljava/lang/Object;J)V name or signature does not match> (0x00000000eab07fa8) thrown at [C:\src\android\AOSP-openjdk\external\jetbrains\jdk\hotspot\src\share\vm\prims\jni.cpp, l†µ¦*È´@
Event: 2.588 Thread 0x00000000171a9000 Implicit null exception at 0x0000000003345d22 to 0x0000000003345e12
Event: 2.663 Thread 0x00000000171de800 Implicit null exception at 0x000000000345e9ed to 0x000000000345fe15

Events (10 events):
Event: 3.733 loading class com/android/dx/dex/code/CatchTable$Entry done
Event: 3.734 loading class com/android/dx/util/ByteArrayAnnotatedOutput
Event: 3.734 loading class com/android/dx/util/ByteArrayAnnotatedOutput done
Event: 3.748 loading class com/android/dx/rop/code/RegisterSpecList$Expander
Event: 3.748 loading class com/android/dx/rop/code/RegisterSpecList$Expander done
Event: 3.812 Thread 0x0000000002d0d800 Uncommon trap: trap_request=0xffffff65 fr.pc=0x00000000036bb940
Event: 3.812 Thread 0x0000000002d0d800 DEOPT PACKING pc=0x00000000036bb940 sp=0x0000000002e0f150
Event: 3.812 Thread 0x0000000002d0d800 DEOPT UNPACKING pc=0x000000000309556a sp=0x0000000002e0f0f0 mode 2
Event: 3.827 Thread 0x0000000002d0d800 DEOPT PACKING pc=0x000000000368c0e2 sp=0x0000000002e0f000
Event: 3.827 Thread 0x0000000002d0d800 DEOPT UNPACKING pc=0x00000000030975bf sp=0x0000000002e0ed80 mode 0


Dynamic libraries:
0x00007ff695b00000 - 0x00007ff695b31000 	E:\Tools\android-studio-ide-145.3225885-windows\android-studio\jre\bin\java.exe
0x00007ffbaadc0000 - 0x00007ffbaaf81000 	C:\WINDOWS\SYSTEM32\ntdll.dll
0x00007ffbaa1d0000 - 0x00007ffbaa27d000 	C:\WINDOWS\system32\KERNEL32.DLL
0x00007ffba7f20000 - 0x00007ffba8108000 	C:\WINDOWS\system32\KERNELBASE.dll
0x00007ffbaa520000 - 0x00007ffbaa5c7000 	C:\WINDOWS\system32\ADVAPI32.dll
0x00007ffba9c00000 - 0x00007ffba9c9d000 	C:\WINDOWS\system32\msvcrt.dll
0x00007ffba9b50000 - 0x00007ffba9bab000 	C:\WINDOWS\system32\sechost.dll
0x00007ffbaac90000 - 0x00007ffbaadac000 	C:\WINDOWS\system32\RPCRT4.dll
0x00007ffbaa3c0000 - 0x00007ffbaa516000 	C:\WINDOWS\system32\USER32.dll
0x00007ffba9ca0000 - 0x00007ffba9e26000 	C:\WINDOWS\system32\GDI32.dll
0x00007ffb99c30000 - 0x00007ffb99ea4000 	C:\WINDOWS\WinSxS\amd64_microsoft.windows.common-controls_6595b64144ccf1df_6.0.10586.589_none_a2ddb3caa539acce\COMCTL32.dll
0x00007ffbaa640000 - 0x00007ffbaa8bd000 	C:\WINDOWS\system32\combase.dll
0x00007ffba7470000 - 0x00007ffba74da000 	C:\WINDOWS\system32\bcryptPrimitives.dll
0x00007ffba9bb0000 - 0x00007ffba9beb000 	C:\WINDOWS\system32\IMM32.DLL
0x0000000066910000 - 0x00000000669e2000 	E:\Tools\android-studio-ide-145.3225885-windows\android-studio\jre\jre\bin\msvcr100.dll
0x0000000066d60000 - 0x0000000067594000 	E:\Tools\android-studio-ide-145.3225885-windows\android-studio\jre\jre\bin\server\jvm.dll
0x00007ffbaac80000 - 0x00007ffbaac88000 	C:\WINDOWS\system32\PSAPI.DLL
0x00007ffba5a60000 - 0x00007ffba5a69000 	C:\WINDOWS\SYSTEM32\WSOCK32.dll
0x00007ffbaa5d0000 - 0x00007ffbaa63b000 	C:\WINDOWS\system32\WS2_32.dll
0x00007ffba5350000 - 0x00007ffba5373000 	C:\WINDOWS\SYSTEM32\WINMM.dll
0x00007ffb9c1b0000 - 0x00007ffb9c1ba000 	C:\WINDOWS\SYSTEM32\VERSION.dll
0x00007ffba5320000 - 0x00007ffba534c000 	C:\WINDOWS\SYSTEM32\WINMMBASE.dll
0x00007ffba7b90000 - 0x00007ffba7bd3000 	C:\WINDOWS\system32\cfgmgr32.dll
0x00007ffba1c70000 - 0x00007ffba1c7f000 	E:\Tools\android-studio-ide-145.3225885-windows\android-studio\jre\jre\bin\verify.dll
0x00007ffb93140000 - 0x00007ffb93169000 	E:\Tools\android-studio-ide-145.3225885-windows\android-studio\jre\jre\bin\java.dll
0x00007ffb958a0000 - 0x00007ffb958b6000 	E:\Tools\android-studio-ide-145.3225885-windows\android-studio\jre\jre\bin\zip.dll
0x00007ffba81c0000 - 0x00007ffba971c000 	C:\WINDOWS\system32\SHELL32.dll
0x00007ffba7540000 - 0x00007ffba7b85000 	C:\WINDOWS\system32\windows.storage.dll
0x00007ffbaabc0000 - 0x00007ffbaac12000 	C:\WINDOWS\system32\shlwapi.dll
0x00007ffba7410000 - 0x00007ffba741f000 	C:\WINDOWS\system32\kernel.appcore.dll
0x00007ffba7be0000 - 0x00007ffba7c95000 	C:\WINDOWS\system32\shcore.dll
0x00007ffba7420000 - 0x00007ffba746b000 	C:\WINDOWS\system32\powrprof.dll
0x00007ffba73e0000 - 0x00007ffba73f4000 	C:\WINDOWS\system32\profapi.dll

VM Arguments:
jvm_args: -Djava.awt.headless=true -Xmx1024M -Dfile.encoding=windows-1252 -Duser.country=US -Duser.language=en -Duser.variant 
java_command: com.android.dx.command.Main --dex --num-threads=4 --output D:\Source codes\ToiDV\android-best-practice\app\build\intermediates\pre-dexed\debug\com.wdullaer-materialdatetimepicker-2.3.0_87c2b1d4267558f043da29f6064877ad8e33c5a6.jar D:\Source codes\ToiDV\android-best-practice\app\build\intermediates\exploded-aar\com.wdullaer\materialdatetimepicker\2.3.0\jars\classes.jar
java_class_path (initial): C:\Users\TOIDV\AppData\Local\Android\sdk\build-tools\24.0.0\lib\dx.jar
Launcher Type: SUN_STANDARD

Environment Variables:
PATH=C:\ProgramData\Oracle\Java\javapath;C:\WINDOWS\system32;C:\WINDOWS;C:\WINDOWS\System32\Wbem;C:\WINDOWS\System32\WindowsPowerShell\v1.0\;C:\Program Files (x86)\GtkSharp\2.12\bin;C:\Program Files (x86)\GitExtensions\;C:\Program Files\Java\jdk1.8.0_60\bin;D:\Tools\openssl-0.9.8k_X64\bin;C:\Users\TOIDV\AppData\Local\Android\sdk\platform-tools;C:\Program Files\nodejs\;C:\Program Files (x86)\EaseUS\Todo Backup\bin;C:\Go\bin;C:\ProgramData\chocolatey\bin;C:\tools\ruby23\bin;C:\ProgramData\chocolatey;C:\Program Files (x86)\scala\bin;C:\tools\python2;C:\Program Files (x86)\Skype\Phone\;E:\Tools\openssl-0.9.8k_X64\bin;E:\Tools\Android Tool\pidcat-master\pidcat.py;C:\tools\ruby23\bin;C:\KonyVisualizerEnterprise7.0.0/gradle/bin;C:\KonyVisualizerEnterprise7.0.0\ImageMagick;C:\KonyVisualizerEnterprise7.0.0\Ant\bin;C:\Users\TOIDV\AppData\Local\Android\sdk\platform-tools;C:\Users\TOIDV\AppData\Local\Android\sdk\tools;C:\KonyVisualizerEnterprise7.0.0\Java\jdk1.7.0_67\bin;C:\Go\bin;C:\Users\TOIDV\AppData\Roaming\npm;C:\Users\TOIDV\AppData\Local\atom\bin;C:\Program Files (x86)\Microsoft VS Code\bin;C:\Program Files (x86)\EaseUS\Todo Backup\bin\x64\
USERNAME=TOIDV
OS=Windows_NT
PROCESSOR_IDENTIFIER=Intel64 Family 6 Model 42 Stepping 7, GenuineIntel



---------------  S Y S T E M  ---------------

OS: Windows 10.0 , 64 bit Build 10586 (10.0.10586.589)

CPU:total 4 (2 cores per cpu, 2 threads per core) family 6 model 42 stepping 7, cmov, cx8, fxsr, mmx, sse, sse2, sse3, ssse3, sse4.1, sse4.2, popcnt, avx, aes, clmul, ht, tsc, tscinvbit

Memory: 4k page, physical 8268024k(415400k free), swap 14947552k(6696k free)

vm_info: OpenJDK 64-Bit Server VM (25.76-b03) for windows-amd64 JRE (1.8.0_76-release-b03), built on Jun 29 2016 19:09:20 by "ralucas" with MS VC++ 10.0 (VS2010)

time: Thu Nov 03 10:46:52 2016
elapsed time: 3 seconds (0d 0h 0m 3s)

