#
# There is insufficient memory for the Java Runtime Environment to continue.
# Native memory allocation (malloc) failed to allocate 32744 bytes for ChunkPool::allocate
# Possible reasons:
#   The system is out of physical RAM or swap space
#   In 32 bit mode, the process size limit was hit
# Possible solutions:
#   Reduce memory load on the system
#   Increase physical memory or swap space
#   Check if swap backing store is full
#   Use 64 bit Java on a 64 bit OS
#   Decrease Java heap size (-Xmx/-Xms)
#   Decrease number of Java threads
#   Decrease Java thread stack sizes (-Xss)
#   Set larger code cache with -XX:ReservedCodeCacheSize=
# This output file may be truncated or incomplete.
#
#  Out of Memory Error (allocation.cpp:273), pid=11996, tid=0x0000000000002dd0
#
# JRE version: OpenJDK Runtime Environment (8.0_76-b03) (build 1.8.0_76-release-b03)
# Java VM: OpenJDK 64-Bit Server VM (25.76-b03 mixed mode windows-amd64 compressed oops)
# Failed to write core dump. Minidumps are not enabled by default on client versions of Windows
#

---------------  T H R E A D  ---------------

Current thread (0x0000000015520800):  JavaThread "C2 CompilerThread1" daemon [_thread_in_native, id=11728, stack(0x0000000016c50000,0x0000000016d50000)]

Stack: [0x0000000016c50000,0x0000000016d50000]
[error occurred during error reporting (printing stack bounds), id 0xc0000005]

Native frames: (J=compiled Java code, j=interpreted, Vv=VM code, C=native code)


Current CompileTask:
C2:   2847 1646   !   4       com.android.dx.cf.code.BytecodeArray::parseInstruction (2764 bytes)


---------------  P R O C E S S  ---------------

Java Threads: ( => current thread )
  0x0000000017135000 JavaThread "pool-1-thread-4" [_thread_in_Java, id=4640, stack(0x0000000017850000,0x0000000017950000)]
  0x0000000017134000 JavaThread "pool-1-thread-3" [_thread_in_Java, id=2376, stack(0x0000000017750000,0x0000000017850000)]
  0x0000000017133800 JavaThread "pool-1-thread-2" [_thread_in_Java, id=11600, stack(0x0000000017650000,0x0000000017750000)]
  0x000000001712b800 JavaThread "pool-2-thread-1" [_thread_blocked, id=5652, stack(0x0000000017550000,0x0000000017650000)]
  0x000000001712b000 JavaThread "pool-1-thread-1" [_thread_in_Java, id=11348, stack(0x0000000017450000,0x0000000017550000)]
  0x0000000016e6b800 JavaThread "Service Thread" daemon [_thread_blocked, id=3132, stack(0x0000000017250000,0x0000000017350000)]
  0x0000000015574800 JavaThread "C1 CompilerThread2" daemon [_thread_blocked, id=5608, stack(0x0000000016d50000,0x0000000016e50000)]
=>0x0000000015520800 JavaThread "C2 CompilerThread1" daemon [_thread_in_native, id=11728, stack(0x0000000016c50000,0x0000000016d50000)]
  0x000000001551d800 JavaThread "C2 CompilerThread0" daemon [_thread_in_native, id=12104, stack(0x0000000016b50000,0x0000000016c50000)]
  0x000000001551c000 JavaThread "Attach Listener" daemon [_thread_blocked, id=11320, stack(0x0000000016a50000,0x0000000016b50000)]
  0x000000001551b000 JavaThread "Signal Dispatcher" daemon [_thread_blocked, id=5508, stack(0x0000000016950000,0x0000000016a50000)]
  0x0000000002e45800 JavaThread "Finalizer" daemon [_thread_blocked, id=11092, stack(0x0000000016770000,0x0000000016870000)]
  0x0000000002e40000 JavaThread "Reference Handler" daemon [_thread_blocked, id=6592, stack(0x0000000016670000,0x0000000016770000)]
  0x0000000002d4d800 JavaThread "main" [_thread_in_Java, id=4984, stack(0x0000000002bd0000,0x0000000002cd0000)]

Other Threads:
  0x00000000154e4800 VMThread [stack: 0x0000000016570000,0x0000000016670000] [id=2500]
  0x0000000016e6d800 WatcherThread [stack: 0x0000000017350000,0x0000000017450000] [id=8320]

VM state:not at safepoint (normal execution)

VM Mutex/Monitor currently owned by a thread: None

Heap:
 PSYoungGen      total 71680K, used 50248K [0x00000000eab00000, 0x00000000ef600000, 0x0000000100000000)
  eden space 66560K, 67% used [0x00000000eab00000,0x00000000ed718758,0x00000000eec00000)
  from space 5120K, 99% used [0x00000000ef100000,0x00000000ef5f9c98,0x00000000ef600000)
  to   space 5120K, 0% used [0x00000000eec00000,0x00000000eec00000,0x00000000ef100000)
 ParOldGen       total 87552K, used 4344K [0x00000000c0000000, 0x00000000c5580000, 0x00000000eab00000)
  object space 87552K, 4% used [0x00000000c0000000,0x00000000c043e070,0x00000000c5580000)
 Metaspace       used 6279K, capacity 7152K, committed 7296K, reserved 1056768K
  class space    used 576K, capacity 616K, committed 640K, reserved 1048576K

Card table byte_map: [0x0000000012210000,0x0000000012420000] byte_map_base: 0x0000000011c10000

Marking Bits: (ParMarkBitMap*) 0x0000000067519d00
 Begin Bits: [0x0000000012980000, 0x0000000013980000)
 End Bits:   [0x0000000013980000, 0x0000000014980000)

Polling page: 0x0000000002b50000

CodeCache: size=245760Kb used=6834Kb max_used=6834Kb free=238925Kb
 bounds [0x0000000002e50000, 0x0000000003510000, 0x0000000011e50000]
 total_blobs=1977 nmethods=1708 adapters=182
 compilation: enabled

Compilation events (10 events):
Event: 2.673 Thread 0x0000000015574800 1724   !   2       com.android.dx.cf.direct.DirectClassFile::parse (75 bytes)
Event: 2.674 Thread 0x0000000015574800 nmethod 1724 0x00000000034fdf10 code [0x00000000034fe100, 0x00000000034fe7b8]
Event: 2.674 Thread 0x0000000015574800 1725       2       com.android.dx.ssa.back.FirstFitLocalCombiningAllocator::processPhiInsn (255 bytes)
Event: 2.676 Thread 0x0000000015574800 nmethod 1725 0x00000000034fec10 code [0x00000000034feec0, 0x00000000034ffa58]
Event: 2.680 Thread 0x0000000015574800 1727       2       java.util.Collections$UnmodifiableCollection::size (10 bytes)
Event: 2.680 Thread 0x0000000015574800 nmethod 1727 0x0000000003500b10 code [0x0000000003500c80, 0x0000000003500e08]
Event: 2.715 Thread 0x0000000015574800 1728       2       java.util.ArrayDeque::addLast (53 bytes)
Event: 2.715 Thread 0x0000000015574800 nmethod 1728 0x0000000003500e90 code [0x0000000003501020, 0x00000000035012d8]
Event: 2.736 Thread 0x0000000015574800 1729   !   2       java.util.concurrent.ArrayBlockingQueue::take (46 bytes)
Event: 2.736 Thread 0x0000000015574800 nmethod 1729 0x0000000003501490 code [0x0000000003501660, 0x0000000003501a78]

GC Heap History (4 events):
Event: 1.563 GC heap before
{Heap before GC invocations=1 (full 0):
 PSYoungGen      total 38400K, used 33280K [0x00000000eab00000, 0x00000000ed580000, 0x0000000100000000)
  eden space 33280K, 100% used [0x00000000eab00000,0x00000000ecb80000,0x00000000ecb80000)
  from space 5120K, 0% used [0x00000000ed080000,0x00000000ed080000,0x00000000ed580000)
  to   space 5120K, 0% used [0x00000000ecb80000,0x00000000ecb80000,0x00000000ed080000)
 ParOldGen       total 87552K, used 0K [0x00000000c0000000, 0x00000000c5580000, 0x00000000eab00000)
  object space 87552K, 0% used [0x00000000c0000000,0x00000000c0000000,0x00000000c5580000)
 Metaspace       used 5949K, capacity 6960K, committed 7040K, reserved 1056768K
  class space    used 574K, capacity 616K, committed 640K, reserved 1048576K
Event: 1.584 GC heap after
Heap after GC invocations=1 (full 0):
 PSYoungGen      total 38400K, used 5110K [0x00000000eab00000, 0x00000000ef600000, 0x0000000100000000)
  eden space 33280K, 0% used [0x00000000eab00000,0x00000000eab00000,0x00000000ecb80000)
  from space 5120K, 99% used [0x00000000ecb80000,0x00000000ed07db90,0x00000000ed080000)
  to   space 5120K, 0% used [0x00000000ef100000,0x00000000ef100000,0x00000000ef600000)
 ParOldGen       total 87552K, used 854K [0x00000000c0000000, 0x00000000c5580000, 0x00000000eab00000)
  object space 87552K, 0% used [0x00000000c0000000,0x00000000c00d5b78,0x00000000c5580000)
 Metaspace       used 5949K, capacity 6960K, committed 7040K, reserved 1056768K
  class space    used 574K, capacity 616K, committed 640K, reserved 1048576K
}
Event: 2.102 GC heap before
{Heap before GC invocations=2 (full 0):
 PSYoungGen      total 38400K, used 38390K [0x00000000eab00000, 0x00000000ef600000, 0x0000000100000000)
  eden space 33280K, 100% used [0x00000000eab00000,0x00000000ecb80000,0x00000000ecb80000)
  from space 5120K, 99% used [0x00000000ecb80000,0x00000000ed07db90,0x00000000ed080000)
  to   space 5120K, 0% used [0x00000000ef100000,0x00000000ef100000,0x00000000ef600000)
 ParOldGen       total 87552K, used 854K [0x00000000c0000000, 0x00000000c5580000, 0x00000000eab00000)
  object space 87552K, 0% used [0x00000000c0000000,0x00000000c00d5b78,0x00000000c5580000)
 Metaspace       used 6164K, capacity 7088K, committed 7296K, reserved 1056768K
  class space    used 575K, capacity 616K, committed 640K, reserved 1048576K
Event: 2.154 GC heap after
Heap after GC invocations=2 (full 0):
 PSYoungGen      total 71680K, used 5095K [0x00000000eab00000, 0x00000000ef600000, 0x0000000100000000)
  eden space 66560K, 0% used [0x00000000eab00000,0x00000000eab00000,0x00000000eec00000)
  from space 5120K, 99% used [0x00000000ef100000,0x00000000ef5f9c98,0x00000000ef600000)
  to   space 5120K, 0% used [0x00000000eec00000,0x00000000eec00000,0x00000000ef100000)
 ParOldGen       total 87552K, used 4344K [0x00000000c0000000, 0x00000000c5580000, 0x00000000eab00000)
  object space 87552K, 4% used [0x00000000c0000000,0x00000000c043e070,0x00000000c5580000)
 Metaspace       used 6164K, capacity 7088K, committed 7296K, reserved 1056768K
  class space    used 575K, capacity 616K, committed 640K, reserved 1048576K
}

Deoptimization events (10 events):
Event: 0.934 Thread 0x0000000002d4d800 Uncommon trap: reason=class_check action=maybe_recompile pc=0x00000000030a4fb0 method=com.android.dx.ssa.NormalSsaInsn.accept(Lcom/android/dx/ssa/SsaInsn$Visitor;)V @ 9
Event: 0.957 Thread 0x0000000002d4d800 Uncommon trap: reason=class_check action=maybe_recompile pc=0x00000000030a4fb0 method=com.android.dx.ssa.NormalSsaInsn.accept(Lcom/android/dx/ssa/SsaInsn$Visitor;)V @ 9
Event: 1.261 Thread 0x0000000017135000 Uncommon trap: reason=unstable_if action=reinterpret pc=0x000000000318521c method=com.android.dx.rop.cst.Constant.compareTo(Lcom/android/dx/rop/cst/Constant;)I @ 12
Event: 1.928 Thread 0x0000000017133800 Uncommon trap: reason=unstable_if action=reinterpret pc=0x0000000003428888 method=com.android.dx.ssa.SCCP.simulateStmt(Lcom/android/dx/ssa/SsaInsn;)V @ 53
Event: 1.934 Thread 0x0000000017133800 Uncommon trap: reason=class_check action=maybe_recompile pc=0x00000000033ed7dc method=com.android.dx.cf.code.BytecodeArray.parseInstruction(ILcom/android/dx/cf/code/BytecodeArray$Visitor;)I @ 1035
Event: 2.215 Thread 0x000000001712b000 Uncommon trap: reason=class_check action=maybe_recompile pc=0x00000000033ed7dc method=com.android.dx.cf.code.BytecodeArray.parseInstruction(ILcom/android/dx/cf/code/BytecodeArray$Visitor;)I @ 1035
Event: 2.313 Thread 0x0000000002d4d800 Uncommon trap: reason=class_check action=maybe_recompile pc=0x00000000033edb48 method=com.android.dx.cf.code.BytecodeArray.parseInstruction(ILcom/android/dx/cf/code/BytecodeArray$Visitor;)I @ 1327
Event: 2.316 Thread 0x0000000002d4d800 Uncommon trap: reason=class_check action=maybe_recompile pc=0x00000000033edb48 method=com.android.dx.cf.code.BytecodeArray.parseInstruction(ILcom/android/dx/cf/code/BytecodeArray$Visitor;)I @ 1327
Event: 2.480 Thread 0x0000000017135000 Uncommon trap: reason=unstable_if action=reinterpret pc=0x000000000323e544 method=com.android.dx.rop.code.RegisterSpecSet.<init>(I)V @ 2
Event: 2.625 Thread 0x0000000017133800 Uncommon trap: reason=unstable_if action=reinterpret pc=0x000000000329abdc method=com.android.dx.ssa.SsaMethod.updateOneDefinition(Lcom/android/dx/ssa/SsaInsn;Lcom/android/dx/rop/code/RegisterSpec;)V @ 4

Internal exceptions (2 events):
Event: 0.277 Thread 0x0000000002d4d800 Exception <a 'java/lang/NoSuchMethodError': Method sun.misc.Unsafe.defineClass(Ljava/lang/String;[BII)Ljava/lang/Class; name or signature does not match> (0x00000000eab07cc0) thrown at [C:\src\android\AOSP-openjdk\external\jetbrains\jdk\hotspot\src\share\vÙ:]<³½Ñ?
Event: 0.277 Thread 0x0000000002d4d800 Exception <a 'java/lang/NoSuchMethodError': Method sun.misc.Unsafe.prefetchRead(Ljava/lang/Object;J)V name or signature does not match> (0x00000000eab07fa8) thrown at [C:\src\android\AOSP-openjdk\external\jetbrains\jdk\hotspot\src\share\vm\prims\jni.cpp, l

Events (10 events):
Event: 2.316 Thread 0x0000000002d4d800 DEOPT PACKING pc=0x00000000033edb48 sp=0x0000000002cce580
Event: 2.316 Thread 0x0000000002d4d800 DEOPT UNPACKING pc=0x0000000002e9556a sp=0x0000000002cce4f0 mode 2
Event: 2.480 Thread 0x0000000017135000 Uncommon trap: trap_request=0xffffff65 fr.pc=0x000000000323e544
Event: 2.480 Thread 0x0000000017135000 DEOPT PACKING pc=0x000000000323e544 sp=0x000000001794e8e0
Event: 2.480 Thread 0x0000000017135000 DEOPT UNPACKING pc=0x0000000002e9556a sp=0x000000001794e810 mode 2
Event: 2.624 loading class com/android/dx/rop/code/RegOps
Event: 2.624 loading class com/android/dx/rop/code/RegOps done
Event: 2.625 Thread 0x0000000017133800 Uncommon trap: trap_request=0xffffff65 fr.pc=0x000000000329abdc
Event: 2.625 Thread 0x0000000017133800 DEOPT PACKING pc=0x000000000329abdc sp=0x000000001774e470
Event: 2.625 Thread 0x0000000017133800 DEOPT UNPACKING pc=0x0000000002e9556a sp=0x000000001774e418 mode 2


Dynamic libraries:
0x00007ff695b00000 - 0x00007ff695b31000 	E:\Tools\android-studio-ide-145.3225885-windows\android-studio\jre\bin\java.exe
0x00007ffbaadc0000 - 0x00007ffbaaf81000 	C:\WINDOWS\SYSTEM32\ntdll.dll
0x00007ffbaa1d0000 - 0x00007ffbaa27d000 	C:\WINDOWS\system32\KERNEL32.DLL
0x00007ffba7f20000 - 0x00007ffba8108000 	C:\WINDOWS\system32\KERNELBASE.dll
0x00007ffbaa520000 - 0x00007ffbaa5c7000 	C:\WINDOWS\system32\ADVAPI32.dll
0x00007ffba9c00000 - 0x00007ffba9c9d000 	C:\WINDOWS\system32\msvcrt.dll
0x00007ffba9b50000 - 0x00007ffba9bab000 	C:\WINDOWS\system32\sechost.dll
0x00007ffbaac90000 - 0x00007ffbaadac000 	C:\WINDOWS\system32\RPCRT4.dll
0x00007ffbaa3c0000 - 0x00007ffbaa516000 	C:\WINDOWS\system32\USER32.dll
0x00007ffba9ca0000 - 0x00007ffba9e26000 	C:\WINDOWS\system32\GDI32.dll
0x00007ffb99c30000 - 0x00007ffb99ea4000 	C:\WINDOWS\WinSxS\amd64_microsoft.windows.common-controls_6595b64144ccf1df_6.0.10586.589_none_a2ddb3caa539acce\COMCTL32.dll
0x00007ffbaa640000 - 0x00007ffbaa8bd000 	C:\WINDOWS\system32\combase.dll
0x00007ffba7470000 - 0x00007ffba74da000 	C:\WINDOWS\system32\bcryptPrimitives.dll
0x00007ffba9bb0000 - 0x00007ffba9beb000 	C:\WINDOWS\system32\IMM32.DLL
0x0000000066910000 - 0x00000000669e2000 	E:\Tools\android-studio-ide-145.3225885-windows\android-studio\jre\jre\bin\msvcr100.dll
0x0000000066d60000 - 0x0000000067594000 	E:\Tools\android-studio-ide-145.3225885-windows\android-studio\jre\jre\bin\server\jvm.dll
0x00007ffbaac80000 - 0x00007ffbaac88000 	C:\WINDOWS\system32\PSAPI.DLL
0x00007ffba5a60000 - 0x00007ffba5a69000 	C:\WINDOWS\SYSTEM32\WSOCK32.dll
0x00007ffbaa5d0000 - 0x00007ffbaa63b000 	C:\WINDOWS\system32\WS2_32.dll
0x00007ffba5350000 - 0x00007ffba5373000 	C:\WINDOWS\SYSTEM32\WINMM.dll
0x00007ffb9c1b0000 - 0x00007ffb9c1ba000 	C:\WINDOWS\SYSTEM32\VERSION.dll
0x00007ffba5320000 - 0x00007ffba534c000 	C:\WINDOWS\SYSTEM32\WINMMBASE.dll
0x00007ffba7b90000 - 0x00007ffba7bd3000 	C:\WINDOWS\system32\cfgmgr32.dll
0x00007ffba1c70000 - 0x00007ffba1c7f000 	E:\Tools\android-studio-ide-145.3225885-windows\android-studio\jre\jre\bin\verify.dll
0x00007ffb93140000 - 0x00007ffb93169000 	E:\Tools\android-studio-ide-145.3225885-windows\android-studio\jre\jre\bin\java.dll
0x00007ffb958a0000 - 0x00007ffb958b6000 	E:\Tools\android-studio-ide-145.3225885-windows\android-studio\jre\jre\bin\zip.dll
0x00007ffba81c0000 - 0x00007ffba971c000 	C:\WINDOWS\system32\SHELL32.dll
0x00007ffba7540000 - 0x00007ffba7b85000 	C:\WINDOWS\system32\windows.storage.dll
0x00007ffbaabc0000 - 0x00007ffbaac12000 	C:\WINDOWS\system32\shlwapi.dll
0x00007ffba7410000 - 0x00007ffba741f000 	C:\WINDOWS\system32\kernel.appcore.dll
0x00007ffba7be0000 - 0x00007ffba7c95000 	C:\WINDOWS\system32\shcore.dll
0x00007ffba7420000 - 0x00007ffba746b000 	C:\WINDOWS\system32\powrprof.dll
0x00007ffba73e0000 - 0x00007ffba73f4000 	C:\WINDOWS\system32\profapi.dll

VM Arguments:
jvm_args: -Djava.awt.headless=true -Xmx1024M -Dfile.encoding=windows-1252 -Duser.country=US -Duser.language=en -Duser.variant 
java_command: com.android.dx.command.Main --dex --num-threads=4 --output D:\Source codes\ToiDV\android-best-practice\app\build\intermediates\pre-dexed\debug\internal_impl-24.1.0_dcfe55f879a45d916d04d4a0175f60e81055fbcc.jar D:\Source codes\ToiDV\android-best-practice\app\build\intermediates\exploded-aar\com.android.support\support-v4\24.1.0\jars\libs\internal_impl-24.1.0.jar
java_class_path (initial): C:\Users\TOIDV\AppData\Local\Android\sdk\build-tools\24.0.0\lib\dx.jar
Launcher Type: SUN_STANDARD

Environment Variables:
PATH=C:\ProgramData\Oracle\Java\javapath;C:\WINDOWS\system32;C:\WINDOWS;C:\WINDOWS\System32\Wbem;C:\WINDOWS\System32\WindowsPowerShell\v1.0\;C:\Program Files (x86)\GtkSharp\2.12\bin;C:\Program Files (x86)\GitExtensions\;C:\Program Files\Java\jdk1.8.0_60\bin;D:\Tools\openssl-0.9.8k_X64\bin;C:\Users\TOIDV\AppData\Local\Android\sdk\platform-tools;C:\Program Files\nodejs\;C:\Program Files (x86)\EaseUS\Todo Backup\bin;C:\Go\bin;C:\ProgramData\chocolatey\bin;C:\tools\ruby23\bin;C:\ProgramData\chocolatey;C:\Program Files (x86)\scala\bin;C:\tools\python2;C:\Program Files (x86)\Skype\Phone\;E:\Tools\openssl-0.9.8k_X64\bin;E:\Tools\Android Tool\pidcat-master\pidcat.py;C:\tools\ruby23\bin;C:\KonyVisualizerEnterprise7.0.0/gradle/bin;C:\KonyVisualizerEnterprise7.0.0\ImageMagick;C:\KonyVisualizerEnterprise7.0.0\Ant\bin;C:\Users\TOIDV\AppData\Local\Android\sdk\platform-tools;C:\Users\TOIDV\AppData\Local\Android\sdk\tools;C:\KonyVisualizerEnterprise7.0.0\Java\jdk1.7.0_67\bin;C:\Go\bin;C:\Users\TOIDV\AppData\Roaming\npm;C:\Users\TOIDV\AppData\Local\atom\bin;C:\Program Files (x86)\Microsoft VS Code\bin;C:\Program Files (x86)\EaseUS\Todo Backup\bin\x64\
USERNAME=TOIDV
OS=Windows_NT
PROCESSOR_IDENTIFIER=Intel64 Family 6 Model 42 Stepping 7, GenuineIntel



---------------  S Y S T E M  ---------------

OS: Windows 10.0 , 64 bit Build 10586 (10.0.10586.589)

CPU:total 4 (2 cores per cpu, 2 threads per core) family 6 model 42 stepping 7, cmov, cx8, fxsr, mmx, sse, sse2, sse3, ssse3, sse4.1, sse4.2, popcnt, avx, aes, clmul, ht, tsc, tscinvbit

Memory: 4k page, physical 8268024k(431744k free), swap 14947552k(5128k free)

vm_info: OpenJDK 64-Bit Server VM (25.76-b03) for windows-amd64 JRE (1.8.0_76-release-b03), built on Jun 29 2016 19:09:20 by "ralucas" with MS VC++ 10.0 (VS2010)

time: Thu Nov 03 10:47:09 2016
elapsed time: 2 seconds (0d 0h 0m 2s)

