#
# There is insufficient memory for the Java Runtime Environment to continue.
# Native memory allocation (malloc) failed to allocate 786480 bytes for Chunk::new
# Possible reasons:
#   The system is out of physical RAM or swap space
#   In 32 bit mode, the process size limit was hit
# Possible solutions:
#   Reduce memory load on the system
#   Increase physical memory or swap space
#   Check if swap backing store is full
#   Use 64 bit Java on a 64 bit OS
#   Decrease Java heap size (-Xmx/-Xms)
#   Decrease number of Java threads
#   Decrease Java thread stack sizes (-Xss)
#   Set larger code cache with -XX:ReservedCodeCacheSize=
# This output file may be truncated or incomplete.
#
#  Out of Memory Error (allocation.cpp:390), pid=8100, tid=0x000000000000277c
#
# JRE version: OpenJDK Runtime Environment (8.0_76-b03) (build 1.8.0_76-release-b03)
# Java VM: OpenJDK 64-Bit Server VM (25.76-b03 mixed mode windows-amd64 compressed oops)
# Failed to write core dump. Minidumps are not enabled by default on client versions of Windows
#

---------------  T H R E A D  ---------------

Current thread (0x00000000149ed800):  JavaThread "C2 CompilerThread0" daemon [_thread_in_native, id=10108, stack(0x0000000016040000,0x0000000016140000)]

Stack: [0x0000000016040000,0x0000000016140000]
[error occurred during error reporting (printing stack bounds), id 0xc0000005]

Native frames: (J=compiled Java code, j=interpreted, Vv=VM code, C=native code)


Current CompileTask:
C2:   3256 1268   !   4       com.android.dx.cf.code.BytecodeArray::parseInstruction (2764 bytes)


---------------  P R O C E S S  ---------------

Java Threads: ( => current thread )
  0x00000000165a4800 JavaThread "pool-1-thread-4" [_thread_in_Java, id=8964, stack(0x0000000016d40000,0x0000000016e40000)]
  0x000000001659e000 JavaThread "pool-1-thread-3" [_thread_in_Java, id=1372, stack(0x0000000016c40000,0x0000000016d40000)]
  0x000000001659c800 JavaThread "pool-1-thread-2" [_thread_in_Java, id=4768, stack(0x0000000016b40000,0x0000000016c40000)]
  0x0000000016599000 JavaThread "pool-2-thread-1" [_thread_blocked, id=7080, stack(0x0000000016a40000,0x0000000016b40000)]
  0x0000000016598800 JavaThread "pool-1-thread-1" [_thread_in_vm, id=9036, stack(0x0000000016940000,0x0000000016a40000)]
  0x000000001634a800 JavaThread "Service Thread" daemon [_thread_blocked, id=5804, stack(0x0000000016740000,0x0000000016840000)]
  0x0000000014a4c800 JavaThread "C1 CompilerThread2" daemon [_thread_blocked, id=11028, stack(0x0000000016240000,0x0000000016340000)]
  0x0000000014a41000 JavaThread "C2 CompilerThread1" daemon [_thread_in_native, id=4280, stack(0x0000000016140000,0x0000000016240000)]
=>0x00000000149ed800 JavaThread "C2 CompilerThread0" daemon [_thread_in_native, id=10108, stack(0x0000000016040000,0x0000000016140000)]
  0x00000000149ec000 JavaThread "Attach Listener" daemon [_thread_blocked, id=2360, stack(0x0000000015f40000,0x0000000016040000)]
  0x00000000149eb000 JavaThread "Signal Dispatcher" daemon [_thread_blocked, id=8492, stack(0x0000000015e40000,0x0000000015f40000)]
  0x0000000002315800 JavaThread "Finalizer" daemon [_thread_blocked, id=12104, stack(0x0000000015c60000,0x0000000015d60000)]
  0x0000000002310000 JavaThread "Reference Handler" daemon [_thread_blocked, id=6592, stack(0x0000000015b60000,0x0000000015c60000)]
  0x000000000211d800 JavaThread "main" [_thread_blocked, id=4472, stack(0x0000000002120000,0x0000000002220000)]

Other Threads:
  0x00000000149b4800 VMThread [stack: 0x0000000015a60000,0x0000000015b60000] [id=7632]
  0x0000000016340800 WatcherThread [stack: 0x0000000016840000,0x0000000016940000] [id=2060]

VM state:synchronizing (normal execution)

VM Mutex/Monitor currently owned by a thread:  ([mutex/lock_event])
[0x000000000211d250] Safepoint_lock - owner thread: 0x00000000149b4800
[0x000000000211d350] Threads_lock - owner thread: 0x00000000149b4800

Heap:
 PSYoungGen      total 38400K, used 28091K [0x00000000eab00000, 0x00000000ed580000, 0x0000000100000000)
  eden space 33280K, 69% used [0x00000000eab00000,0x00000000ec174340,0x00000000ecb80000)
  from space 5120K, 99% used [0x00000000ecb80000,0x00000000ed07aaa0,0x00000000ed080000)
  to   space 5120K, 0% used [0x00000000ed080000,0x00000000ed080000,0x00000000ed580000)
 ParOldGen       total 87552K, used 1748K [0x00000000c0000000, 0x00000000c5580000, 0x00000000eab00000)
  object space 87552K, 1% used [0x00000000c0000000,0x00000000c01b5148,0x00000000c5580000)
 Metaspace       used 6079K, capacity 7024K, committed 7296K, reserved 1056768K
  class space    used 570K, capacity 616K, committed 640K, reserved 1048576K

Card table byte_map: [0x00000000116e0000,0x00000000118f0000] byte_map_base: 0x00000000110e0000

Marking Bits: (ParMarkBitMap*) 0x0000000067519d00
 Begin Bits: [0x0000000011e50000, 0x0000000012e50000)
 End Bits:   [0x0000000012e50000, 0x0000000013e50000)

Polling page: 0x0000000000920000

CodeCache: size=245760Kb used=5881Kb max_used=5881Kb free=239878Kb
 bounds [0x0000000002320000, 0x00000000028f0000, 0x0000000011320000]
 total_blobs=1725 nmethods=1456 adapters=182
 compilation: enabled

Compilation events (10 events):
Event: 3.192 Thread 0x0000000014a4c800 1465       3       java.util.concurrent.locks.AbstractQueuedSynchronizer::compareAndSetState (13 bytes)
Event: 3.192 Thread 0x0000000014a4c800 nmethod 1465 0x00000000028dde50 code [0x00000000028ddfa0, 0x00000000028de110]
Event: 3.192 Thread 0x0000000014a4c800 1466       3       java.util.concurrent.locks.AbstractQueuedSynchronizer::release (33 bytes)
Event: 3.192 Thread 0x0000000014a4c800 nmethod 1466 0x00000000028de190 code [0x00000000028de300, 0x00000000028de618]
Event: 3.194 Thread 0x0000000014a4c800 1467       3       com.android.dx.cf.iface.StdMethod::<init> (40 bytes)
Event: 3.195 Thread 0x0000000014a4c800 nmethod 1467 0x00000000028de710 code [0x00000000028de8e0, 0x00000000028df348]
Event: 3.199 Thread 0x0000000014a4c800 1468       3       java.util.concurrent.ThreadPoolExecutor::workerCountOf (5 bytes)
Event: 3.199 Thread 0x0000000014a4c800 nmethod 1468 0x00000000028df7d0 code [0x00000000028df920, 0x00000000028dfa50]
Event: 3.200 Thread 0x0000000014a4c800 1469       3       com.android.dx.rop.type.Type::asUninitialized (140 bytes)
Event: 3.202 Thread 0x0000000014a4c800 nmethod 1469 0x00000000028dfad0 code [0x00000000028dfe20, 0x00000000028e1a58]

GC Heap History (2 events):
Event: 2.215 GC heap before
{Heap before GC invocations=1 (full 0):
 PSYoungGen      total 38400K, used 33280K [0x00000000eab00000, 0x00000000ed580000, 0x0000000100000000)
  eden space 33280K, 100% used [0x00000000eab00000,0x00000000ecb80000,0x00000000ecb80000)
  from space 5120K, 0% used [0x00000000ed080000,0x00000000ed080000,0x00000000ed580000)
  to   space 5120K, 0% used [0x00000000ecb80000,0x00000000ecb80000,0x00000000ed080000)
 ParOldGen       total 87552K, used 0K [0x00000000c0000000, 0x00000000c5580000, 0x00000000eab00000)
  object space 87552K, 0% used [0x00000000c0000000,0x00000000c0000000,0x00000000c5580000)
 Metaspace       used 5872K, capacity 6832K, committed 7040K, reserved 1056768K
  class space    used 570K, capacity 616K, committed 640K, reserved 1048576K
Event: 2.238 GC heap after
Heap after GC invocations=1 (full 0):
 PSYoungGen      total 38400K, used 5098K [0x00000000eab00000, 0x00000000ed580000, 0x0000000100000000)
  eden space 33280K, 0% used [0x00000000eab00000,0x00000000eab00000,0x00000000ecb80000)
  from space 5120K, 99% used [0x00000000ecb80000,0x00000000ed07aaa0,0x00000000ed080000)
  to   space 5120K, 0% used [0x00000000ed080000,0x00000000ed080000,0x00000000ed580000)
 ParOldGen       total 87552K, used 1748K [0x00000000c0000000, 0x00000000c5580000, 0x00000000eab00000)
  object space 87552K, 1% used [0x00000000c0000000,0x00000000c01b5148,0x00000000c5580000)
 Metaspace       used 5872K, capacity 6832K, committed 7040K, reserved 1056768K
  class space    used 570K, capacity 616K, committed 640K, reserved 1048576K
}

Deoptimization events (10 events):
Event: 0.752 Thread 0x000000000211d800 Uncommon trap: reason=unstable_if action=reinterpret pc=0x0000000002461650 method=java.lang.String.indexOf(II)I @ 49
Event: 1.646 Thread 0x000000000211d800 Uncommon trap: reason=unstable_if action=reinterpret pc=0x00000000025553b8 method=java.util.HashMap.getNode(ILjava/lang/Object;)Ljava/util/HashMap$Node; @ 62
Event: 1.895 Thread 0x000000000211d800 Uncommon trap: reason=null_check action=make_not_entrant pc=0x0000000002676190 method=com.android.dx.ssa.SsaRenamer.getLocalForNewReg(I)Lcom/android/dx/rop/code/LocalItem; @ 19
Event: 1.990 Thread 0x0000000016598800 Uncommon trap: reason=null_check action=make_not_entrant pc=0x00000000026a2128 method=com.android.dx.ssa.SsaRenamer.getLocalForNewReg(I)Lcom/android/dx/rop/code/LocalItem; @ 19
Event: 2.687 Thread 0x000000001659e000 Uncommon trap: reason=unstable_if action=reinterpret pc=0x0000000002802d44 method=com.android.dx.ssa.SCCP.simulateStmt(Lcom/android/dx/ssa/SsaInsn;)V @ 53
Event: 2.700 Thread 0x00000000165a4800 Uncommon trap: reason=bimorphic action=maybe_recompile pc=0x00000000025c887c method=java.util.HashMap.getNode(ILjava/lang/Object;)Ljava/util/HashMap$Node; @ 126
Event: 2.700 Thread 0x00000000165a4800 Uncommon trap: reason=class_check action=maybe_recompile pc=0x000000000278dc80 method=java.util.HashMap.putVal(ILjava/lang/Object;Ljava/lang/Object;ZZ)Ljava/lang/Object; @ 203
Event: 2.701 Thread 0x00000000165a4800 Uncommon trap: reason=unstable_if action=reinterpret pc=0x00000000027cfdf8 method=com.android.dx.util.BitIntSet.has(I)Z @ 8
Event: 2.897 Thread 0x00000000165a4800 Uncommon trap: reason=bimorphic action=maybe_recompile pc=0x00000000025c887c method=java.util.HashMap.getNode(ILjava/lang/Object;)Ljava/util/HashMap$Node; @ 126
Event: 2.897 Thread 0x00000000165a4800 Uncommon trap: reason=class_check action=maybe_recompile pc=0x000000000278dc80 method=java.util.HashMap.putVal(ILjava/lang/Object;Ljava/lang/Object;ZZ)Ljava/lang/Object; @ 203

Internal exceptions (4 events):
Event: 0.097 Thread 0x000000000211d800 Exception <a 'java/lang/NoSuchMethodError': Method sun.misc.Unsafe.defineClass(Ljava/lang/String;[BII)Ljava/lang/Class; name or signature does not match> (0x00000000eab07cc0) thrown at [C:\src\android\AOSP-openjdk\external\jetbrains\jdk\hotspot\src\share\v>·eëÌ¸?
Event: 0.097 Thread 0x000000000211d800 Exception <a 'java/lang/NoSuchMethodError': Method sun.misc.Unsafe.prefetchRead(Ljava/lang/Object;J)V name or signature does not match> (0x00000000eab07fa8) thrown at [C:\src\android\AOSP-openjdk\external\jetbrains\jdk\hotspot\src\share\vm\prims\jni.cpp, lZƒýÁèOþ?
Event: 1.895 Thread 0x000000000211d800 Implicit null exception at 0x0000000002673eca to 0x0000000002676169
Event: 1.990 Thread 0x0000000016598800 Implicit null exception at 0x000000000269fdec to 0x00000000026a20e1

Events (10 events):
Event: 2.701 Thread 0x00000000165a4800 DEOPT PACKING pc=0x00000000027cfdf8 sp=0x0000000016e3e4e0
Event: 2.701 Thread 0x00000000165a4800 DEOPT UNPACKING pc=0x000000000236556a sp=0x0000000016e3e418 mode 2
Event: 2.897 Thread 0x00000000165a4800 Uncommon trap: trap_request=0xffffffc6 fr.pc=0x00000000025c887c
Event: 2.897 Thread 0x00000000165a4800 DEOPT PACKING pc=0x00000000025c887c sp=0x0000000016e3e520
Event: 2.897 Thread 0x00000000165a4800 DEOPT UNPACKING pc=0x000000000236556a sp=0x0000000016e3e458 mode 2
Event: 2.897 Thread 0x00000000165a4800 Uncommon trap: trap_request=0xffffffde fr.pc=0x000000000278dc80
Event: 2.897 Thread 0x00000000165a4800 DEOPT PACKING pc=0x000000000278dc80 sp=0x0000000016e3e480
Event: 2.897 Thread 0x00000000165a4800 DEOPT UNPACKING pc=0x000000000236556a sp=0x0000000016e3e3f8 mode 2
Event: 3.049 Thread 0x0000000016598800 DEOPT PACKING pc=0x00000000027530a3 sp=0x0000000016a3ee20
Event: 3.049 Thread 0x0000000016598800 DEOPT UNPACKING pc=0x00000000023675bf sp=0x0000000016a3eb80 mode 0


Dynamic libraries:
0x00007ff695b00000 - 0x00007ff695b31000 	E:\Tools\android-studio-ide-145.3225885-windows\android-studio\jre\bin\java.exe
0x00007ffbaadc0000 - 0x00007ffbaaf81000 	C:\WINDOWS\SYSTEM32\ntdll.dll
0x00007ffbaa1d0000 - 0x00007ffbaa27d000 	C:\WINDOWS\system32\KERNEL32.DLL
0x00007ffba7f20000 - 0x00007ffba8108000 	C:\WINDOWS\system32\KERNELBASE.dll
0x00007ffbaa520000 - 0x00007ffbaa5c7000 	C:\WINDOWS\system32\ADVAPI32.dll
0x00007ffba9c00000 - 0x00007ffba9c9d000 	C:\WINDOWS\system32\msvcrt.dll
0x00007ffba9b50000 - 0x00007ffba9bab000 	C:\WINDOWS\system32\sechost.dll
0x00007ffbaac90000 - 0x00007ffbaadac000 	C:\WINDOWS\system32\RPCRT4.dll
0x00007ffbaa3c0000 - 0x00007ffbaa516000 	C:\WINDOWS\system32\USER32.dll
0x00007ffba9ca0000 - 0x00007ffba9e26000 	C:\WINDOWS\system32\GDI32.dll
0x00007ffb99c30000 - 0x00007ffb99ea4000 	C:\WINDOWS\WinSxS\amd64_microsoft.windows.common-controls_6595b64144ccf1df_6.0.10586.589_none_a2ddb3caa539acce\COMCTL32.dll
0x00007ffbaa640000 - 0x00007ffbaa8bd000 	C:\WINDOWS\system32\combase.dll
0x00007ffba7470000 - 0x00007ffba74da000 	C:\WINDOWS\system32\bcryptPrimitives.dll
0x00007ffba9bb0000 - 0x00007ffba9beb000 	C:\WINDOWS\system32\IMM32.DLL
0x0000000066910000 - 0x00000000669e2000 	E:\Tools\android-studio-ide-145.3225885-windows\android-studio\jre\jre\bin\msvcr100.dll
0x0000000066d60000 - 0x0000000067594000 	E:\Tools\android-studio-ide-145.3225885-windows\android-studio\jre\jre\bin\server\jvm.dll
0x00007ffbaac80000 - 0x00007ffbaac88000 	C:\WINDOWS\system32\PSAPI.DLL
0x00007ffba5a60000 - 0x00007ffba5a69000 	C:\WINDOWS\SYSTEM32\WSOCK32.dll
0x00007ffbaa5d0000 - 0x00007ffbaa63b000 	C:\WINDOWS\system32\WS2_32.dll
0x00007ffba5350000 - 0x00007ffba5373000 	C:\WINDOWS\SYSTEM32\WINMM.dll
0x00007ffb9c1b0000 - 0x00007ffb9c1ba000 	C:\WINDOWS\SYSTEM32\VERSION.dll
0x00007ffba5320000 - 0x00007ffba534c000 	C:\WINDOWS\SYSTEM32\WINMMBASE.dll
0x00007ffba7b90000 - 0x00007ffba7bd3000 	C:\WINDOWS\system32\cfgmgr32.dll
0x00007ffba1c70000 - 0x00007ffba1c7f000 	E:\Tools\android-studio-ide-145.3225885-windows\android-studio\jre\jre\bin\verify.dll
0x00007ffb93140000 - 0x00007ffb93169000 	E:\Tools\android-studio-ide-145.3225885-windows\android-studio\jre\jre\bin\java.dll
0x00007ffb958a0000 - 0x00007ffb958b6000 	E:\Tools\android-studio-ide-145.3225885-windows\android-studio\jre\jre\bin\zip.dll
0x00007ffba81c0000 - 0x00007ffba971c000 	C:\WINDOWS\system32\SHELL32.dll
0x00007ffba7540000 - 0x00007ffba7b85000 	C:\WINDOWS\system32\windows.storage.dll
0x00007ffbaabc0000 - 0x00007ffbaac12000 	C:\WINDOWS\system32\shlwapi.dll
0x00007ffba7410000 - 0x00007ffba741f000 	C:\WINDOWS\system32\kernel.appcore.dll
0x00007ffba7be0000 - 0x00007ffba7c95000 	C:\WINDOWS\system32\shcore.dll
0x00007ffba7420000 - 0x00007ffba746b000 	C:\WINDOWS\system32\powrprof.dll
0x00007ffba73e0000 - 0x00007ffba73f4000 	C:\WINDOWS\system32\profapi.dll

VM Arguments:
jvm_args: -Djava.awt.headless=true -Xmx1024M -Dfile.encoding=windows-1252 -Duser.country=US -Duser.language=en -Duser.variant 
java_command: com.android.dx.command.Main --dex --num-threads=4 --output D:\Source codes\ToiDV\android-best-practice\app\build\intermediates\pre-dexed\debug\okhttp-3.2.0_dd583fed0447d47522bd2a289940b3362755a406.jar C:\Users\TOIDV\.gradle\caches\modules-2\files-2.1\com.squareup.okhttp3\okhttp\3.2.0\f7873a2ebde246a45c2a8d6f3247108b4c88a879\okhttp-3.2.0.jar
java_class_path (initial): C:\Users\TOIDV\AppData\Local\Android\sdk\build-tools\24.0.0\lib\dx.jar
Launcher Type: SUN_STANDARD

Environment Variables:
PATH=C:\ProgramData\Oracle\Java\javapath;C:\WINDOWS\system32;C:\WINDOWS;C:\WINDOWS\System32\Wbem;C:\WINDOWS\System32\WindowsPowerShell\v1.0\;C:\Program Files (x86)\GtkSharp\2.12\bin;C:\Program Files (x86)\GitExtensions\;C:\Program Files\Java\jdk1.8.0_60\bin;D:\Tools\openssl-0.9.8k_X64\bin;C:\Users\TOIDV\AppData\Local\Android\sdk\platform-tools;C:\Program Files\nodejs\;C:\Program Files (x86)\EaseUS\Todo Backup\bin;C:\Go\bin;C:\ProgramData\chocolatey\bin;C:\tools\ruby23\bin;C:\ProgramData\chocolatey;C:\Program Files (x86)\scala\bin;C:\tools\python2;C:\Program Files (x86)\Skype\Phone\;E:\Tools\openssl-0.9.8k_X64\bin;E:\Tools\Android Tool\pidcat-master\pidcat.py;C:\tools\ruby23\bin;C:\KonyVisualizerEnterprise7.0.0/gradle/bin;C:\KonyVisualizerEnterprise7.0.0\ImageMagick;C:\KonyVisualizerEnterprise7.0.0\Ant\bin;C:\Users\TOIDV\AppData\Local\Android\sdk\platform-tools;C:\Users\TOIDV\AppData\Local\Android\sdk\tools;C:\KonyVisualizerEnterprise7.0.0\Java\jdk1.7.0_67\bin;C:\Go\bin;C:\Users\TOIDV\AppData\Roaming\npm;C:\Users\TOIDV\AppData\Local\atom\bin;C:\Program Files (x86)\Microsoft VS Code\bin;C:\Program Files (x86)\EaseUS\Todo Backup\bin\x64\
USERNAME=TOIDV
OS=Windows_NT
PROCESSOR_IDENTIFIER=Intel64 Family 6 Model 42 Stepping 7, GenuineIntel



---------------  S Y S T E M  ---------------

OS: Windows 10.0 , 64 bit Build 10586 (10.0.10586.589)

CPU:total 4 (2 cores per cpu, 2 threads per core) family 6 model 42 stepping 7, cmov, cx8, fxsr, mmx, sse, sse2, sse3, ssse3, sse4.1, sse4.2, popcnt, avx, aes, clmul, ht, tsc, tscinvbit

Memory: 4k page, physical 8268024k(1173180k free), swap 14947552k(5244k free)

vm_info: OpenJDK 64-Bit Server VM (25.76-b03) for windows-amd64 JRE (1.8.0_76-release-b03), built on Jun 29 2016 19:09:20 by "ralucas" with MS VC++ 10.0 (VS2010)

time: Thu Nov 03 10:49:50 2016
elapsed time: 3 seconds (0d 0h 0m 3s)

