#
# There is insufficient memory for the Java Runtime Environment to continue.
# Native memory allocation (malloc) failed to allocate 32744 bytes for ChunkPool::allocate
# Possible reasons:
#   The system is out of physical RAM or swap space
#   In 32 bit mode, the process size limit was hit
# Possible solutions:
#   Reduce memory load on the system
#   Increase physical memory or swap space
#   Check if swap backing store is full
#   Use 64 bit Java on a 64 bit OS
#   Decrease Java heap size (-Xmx/-Xms)
#   Decrease number of Java threads
#   Decrease Java thread stack sizes (-Xss)
#   Set larger code cache with -XX:ReservedCodeCacheSize=
# This output file may be truncated or incomplete.
#
#  Out of Memory Error (allocation.cpp:273), pid=8212, tid=0x0000000000002944
#
# JRE version: OpenJDK Runtime Environment (8.0_76-b03) (build 1.8.0_76-release-b03)
# Java VM: OpenJDK 64-Bit Server VM (25.76-b03 mixed mode windows-amd64 compressed oops)
# Failed to write core dump. Minidumps are not enabled by default on client versions of Windows
#

---------------  T H R E A D  ---------------

Current thread (0x00000000155fd800):  JavaThread "C2 CompilerThread0" daemon [_thread_in_native, id=10564, stack(0x0000000016c30000,0x0000000016d30000)]

Stack: [0x0000000016c30000,0x0000000016d30000]
[error occurred during error reporting (printing stack bounds), id 0xc0000005]

Native frames: (J=compiled Java code, j=interpreted, Vv=VM code, C=native code)


Current CompileTask:
C2:   3410  558       4       com.android.dx.rop.type.Type::getCategory (36 bytes)


---------------  P R O C E S S  ---------------

Java Threads: ( => current thread )
  0x0000000017171000 JavaThread "pool-1-thread-4" [_thread_in_Java, id=10960, stack(0x0000000017930000,0x0000000017a30000)]
  0x000000001716e800 JavaThread "pool-1-thread-3" [_thread_blocked, id=5824, stack(0x0000000017830000,0x0000000017930000)]
  0x000000001716d000 JavaThread "pool-1-thread-2" [_thread_in_Java, id=9936, stack(0x0000000017730000,0x0000000017830000)]
  0x0000000017197800 JavaThread "pool-2-thread-1" [_thread_blocked, id=10324, stack(0x0000000017630000,0x0000000017730000)]
  0x0000000017197000 JavaThread "pool-1-thread-1" [_thread_blocked, id=11708, stack(0x0000000017530000,0x0000000017630000)]
  0x000000001565e000 JavaThread "Service Thread" daemon [_thread_blocked, id=9768, stack(0x0000000017330000,0x0000000017430000)]
  0x0000000015659000 JavaThread "C1 CompilerThread2" daemon [_thread_in_native, id=9708, stack(0x0000000016e30000,0x0000000016f30000)]
  0x0000000015655800 JavaThread "C2 CompilerThread1" daemon [_thread_in_native, id=8132, stack(0x0000000016d30000,0x0000000016e30000)]
=>0x00000000155fd800 JavaThread "C2 CompilerThread0" daemon [_thread_in_native, id=10564, stack(0x0000000016c30000,0x0000000016d30000)]
  0x00000000155fc000 JavaThread "Attach Listener" daemon [_thread_blocked, id=1516, stack(0x0000000016b30000,0x0000000016c30000)]
  0x00000000155fb000 JavaThread "Signal Dispatcher" daemon [_thread_blocked, id=588, stack(0x0000000016a30000,0x0000000016b30000)]
  0x0000000002f25800 JavaThread "Finalizer" daemon [_thread_blocked, id=4640, stack(0x0000000016850000,0x0000000016950000)]
  0x0000000002f20000 JavaThread "Reference Handler" daemon [_thread_blocked, id=2376, stack(0x0000000016750000,0x0000000016850000)]
  0x0000000002d2d800 JavaThread "main" [_thread_blocked, id=10888, stack(0x0000000002d30000,0x0000000002e30000)]

Other Threads:
  0x00000000155c4800 VMThread [stack: 0x0000000016650000,0x0000000016750000] [id=8320]
  0x0000000016f31800 WatcherThread [stack: 0x0000000017430000,0x0000000017530000] [id=2480]

VM state:not at safepoint (normal execution)

VM Mutex/Monitor currently owned by a thread: None

Heap:
 PSYoungGen      total 38400K, used 21318K [0x00000000eab00000, 0x00000000ed580000, 0x0000000100000000)
  eden space 33280K, 64% used [0x00000000eab00000,0x00000000ebfd1818,0x00000000ecb80000)
  from space 5120K, 0% used [0x00000000ed080000,0x00000000ed080000,0x00000000ed580000)
  to   space 5120K, 0% used [0x00000000ecb80000,0x00000000ecb80000,0x00000000ed080000)
 ParOldGen       total 87552K, used 0K [0x00000000c0000000, 0x00000000c5580000, 0x00000000eab00000)
  object space 87552K, 0% used [0x00000000c0000000,0x00000000c0000000,0x00000000c5580000)
 Metaspace       used 5439K, capacity 6512K, committed 6784K, reserved 1058816K
  class space    used 563K, capacity 616K, committed 640K, reserved 1048576K

Card table byte_map: [0x00000000122f0000,0x0000000012500000] byte_map_base: 0x0000000011cf0000

Marking Bits: (ParMarkBitMap*) 0x0000000067519d00
 Begin Bits: [0x0000000012a60000, 0x0000000013a60000)
 End Bits:   [0x0000000013a60000, 0x0000000014a60000)

Polling page: 0x0000000002c40000

CodeCache: size=245760Kb used=2185Kb max_used=2196Kb free=243574Kb
 bounds [0x0000000002f30000, 0x00000000031a0000, 0x0000000011f30000]
 total_blobs=804 nmethods=537 adapters=181
 compilation: enabled

Compilation events (10 events):
Event: 3.385 Thread 0x0000000015659000 nmethod 488 0x0000000003145f10 code [0x0000000003146060, 0x0000000003146170]
Event: 3.385 Thread 0x0000000015659000  544       3       java.util.Collections$UnmodifiableCollection$1::hasNext (10 bytes)
Event: 3.386 Thread 0x0000000015659000 nmethod 544 0x0000000003152f10 code [0x0000000003153080, 0x00000000031532a8]
Event: 3.386 Thread 0x0000000015659000  550   !   3       com.android.dx.cf.code.BytecodeArray::parseInstruction (2764 bytes)
Event: 3.391 Thread 0x0000000015655800  554 %     4       com.android.dx.cf.code.LineNumberList::pcToLine @ 13 (73 bytes)
Event: 3.391 Thread 0x00000000155fd800  543       4       java.util.ArrayList$Itr::hasNext (20 bytes)
Event: 3.392 Thread 0x00000000155fd800 nmethod 543 0x0000000003144cd0 code [0x0000000003144e00, 0x0000000003144e98]
Event: 3.392 Thread 0x00000000155fd800  535       4       java.util.ArrayList$Itr::next (66 bytes)
Event: 3.393 Thread 0x00000000155fd800 nmethod 535 0x0000000003154710 code [0x0000000003154860, 0x0000000003154978]
Event: 3.393 Thread 0x00000000155fd800  558       4       com.android.dx.rop.type.Type::getCategory (36 bytes)

GC Heap History (0 events):
No events

Deoptimization events (2 events):
Event: 1.838 Thread 0x0000000002d2d800 Uncommon trap: reason=unstable_if action=reinterpret pc=0x0000000003088d58 method=java.lang.String.indexOf(II)I @ 49
Event: 3.360 Thread 0x0000000002d2d800 Uncommon trap: reason=unstable_if action=reinterpret pc=0x0000000003133700 method=com.android.dx.rop.cst.CstFieldRef.compareTo0(Lcom/android/dx/rop/cst/Constant;)I @ 7

Internal exceptions (2 events):
Event: 0.230 Thread 0x0000000002d2d800 Exception <a 'java/lang/NoSuchMethodError': Method sun.misc.Unsafe.defineClass(Ljava/lang/String;[BII)Ljava/lang/Class; name or signature does not match> (0x00000000eab07cc0) thrown at [C:\src\android\AOSP-openjdk\external\jetbrains\jdk\hotspot\src\share\vÂ±:Í?
Event: 0.230 Thread 0x0000000002d2d800 Exception <a 'java/lang/NoSuchMethodError': Method sun.misc.Unsafe.prefetchRead(Ljava/lang/Object;J)V name or signature does not match> (0x00000000eab07fa8) thrown at [C:\src\android\AOSP-openjdk\external\jetbrains\jdk\hotspot\src\share\vm\prims\jni.cpp, l

Events (10 events):
Event: 3.334 loading class com/android/dx/dex/file/DebugInfoItem done
Event: 3.335 loading class java/io/PrintWriter
Event: 3.335 loading class java/io/PrintWriter done
Event: 3.360 Thread 0x0000000002d2d800 Uncommon trap: trap_request=0xffffff65 fr.pc=0x0000000003133700
Event: 3.360 Thread 0x0000000002d2d800 DEOPT PACKING pc=0x0000000003133700 sp=0x0000000002e2e3d0
Event: 3.360 Thread 0x0000000002d2d800 DEOPT UNPACKING pc=0x0000000002f7556a sp=0x0000000002e2e348 mode 2
Event: 3.367 loading class com/android/dx/cf/attrib/RawAttribute
Event: 3.367 loading class com/android/dx/cf/attrib/RawAttribute done
Event: 3.368 loading class com/android/dx/cf/attrib/AttEnclosingMethod
Event: 3.368 loading class com/android/dx/cf/attrib/AttEnclosingMethod done


Dynamic libraries:
0x00007ff695b00000 - 0x00007ff695b31000 	E:\Tools\android-studio-ide-145.3225885-windows\android-studio\jre\bin\java.exe
0x00007ffbaadc0000 - 0x00007ffbaaf81000 	C:\WINDOWS\SYSTEM32\ntdll.dll
0x00007ffbaa1d0000 - 0x00007ffbaa27d000 	C:\WINDOWS\system32\KERNEL32.DLL
0x00007ffba7f20000 - 0x00007ffba8108000 	C:\WINDOWS\system32\KERNELBASE.dll
0x00007ffbaa520000 - 0x00007ffbaa5c7000 	C:\WINDOWS\system32\ADVAPI32.dll
0x00007ffba9c00000 - 0x00007ffba9c9d000 	C:\WINDOWS\system32\msvcrt.dll
0x00007ffba9b50000 - 0x00007ffba9bab000 	C:\WINDOWS\system32\sechost.dll
0x00007ffbaac90000 - 0x00007ffbaadac000 	C:\WINDOWS\system32\RPCRT4.dll
0x00007ffbaa3c0000 - 0x00007ffbaa516000 	C:\WINDOWS\system32\USER32.dll
0x00007ffba9ca0000 - 0x00007ffba9e26000 	C:\WINDOWS\system32\GDI32.dll
0x00007ffb99c30000 - 0x00007ffb99ea4000 	C:\WINDOWS\WinSxS\amd64_microsoft.windows.common-controls_6595b64144ccf1df_6.0.10586.589_none_a2ddb3caa539acce\COMCTL32.dll
0x00007ffbaa640000 - 0x00007ffbaa8bd000 	C:\WINDOWS\system32\combase.dll
0x00007ffba7470000 - 0x00007ffba74da000 	C:\WINDOWS\system32\bcryptPrimitives.dll
0x00007ffba9bb0000 - 0x00007ffba9beb000 	C:\WINDOWS\system32\IMM32.DLL
0x0000000066910000 - 0x00000000669e2000 	E:\Tools\android-studio-ide-145.3225885-windows\android-studio\jre\jre\bin\msvcr100.dll
0x0000000066d60000 - 0x0000000067594000 	E:\Tools\android-studio-ide-145.3225885-windows\android-studio\jre\jre\bin\server\jvm.dll
0x00007ffbaac80000 - 0x00007ffbaac88000 	C:\WINDOWS\system32\PSAPI.DLL
0x00007ffba5a60000 - 0x00007ffba5a69000 	C:\WINDOWS\SYSTEM32\WSOCK32.dll
0x00007ffbaa5d0000 - 0x00007ffbaa63b000 	C:\WINDOWS\system32\WS2_32.dll
0x00007ffba5350000 - 0x00007ffba5373000 	C:\WINDOWS\SYSTEM32\WINMM.dll
0x00007ffb9c1b0000 - 0x00007ffb9c1ba000 	C:\WINDOWS\SYSTEM32\VERSION.dll
0x00007ffba5320000 - 0x00007ffba534c000 	C:\WINDOWS\SYSTEM32\WINMMBASE.dll
0x00007ffba7b90000 - 0x00007ffba7bd3000 	C:\WINDOWS\system32\cfgmgr32.dll
0x00007ffba1c70000 - 0x00007ffba1c7f000 	E:\Tools\android-studio-ide-145.3225885-windows\android-studio\jre\jre\bin\verify.dll
0x00007ffb93140000 - 0x00007ffb93169000 	E:\Tools\android-studio-ide-145.3225885-windows\android-studio\jre\jre\bin\java.dll
0x00007ffb958a0000 - 0x00007ffb958b6000 	E:\Tools\android-studio-ide-145.3225885-windows\android-studio\jre\jre\bin\zip.dll
0x00007ffba81c0000 - 0x00007ffba971c000 	C:\WINDOWS\system32\SHELL32.dll
0x00007ffba7540000 - 0x00007ffba7b85000 	C:\WINDOWS\system32\windows.storage.dll
0x00007ffbaabc0000 - 0x00007ffbaac12000 	C:\WINDOWS\system32\shlwapi.dll
0x00007ffba7410000 - 0x00007ffba741f000 	C:\WINDOWS\system32\kernel.appcore.dll
0x00007ffba7be0000 - 0x00007ffba7c95000 	C:\WINDOWS\system32\shcore.dll
0x00007ffba7420000 - 0x00007ffba746b000 	C:\WINDOWS\system32\powrprof.dll
0x00007ffba73e0000 - 0x00007ffba73f4000 	C:\WINDOWS\system32\profapi.dll

VM Arguments:
jvm_args: -Djava.awt.headless=true -Xmx1024M -Dfile.encoding=windows-1252 -Duser.country=US -Duser.language=en -Duser.variant 
java_command: com.android.dx.command.Main --dex --num-threads=4 --output D:\Source codes\ToiDV\android-best-practice\app\build\intermediates\pre-dexed\debug\stetho-1.3.1_260a328196d7869191af1282907d5bff2c1e9a73.jar C:\Users\TOIDV\.gradle\caches\modules-2\files-2.1\com.facebook.stetho\stetho\1.3.1\2c4076b466a0eb4d6ddf5721edd35cd1adc1f317\stetho-1.3.1.jar
java_class_path (initial): C:\Users\TOIDV\AppData\Local\Android\sdk\build-tools\24.0.0\lib\dx.jar
Launcher Type: SUN_STANDARD

Environment Variables:
PATH=C:\ProgramData\Oracle\Java\javapath;C:\WINDOWS\system32;C:\WINDOWS;C:\WINDOWS\System32\Wbem;C:\WINDOWS\System32\WindowsPowerShell\v1.0\;C:\Program Files (x86)\GtkSharp\2.12\bin;C:\Program Files (x86)\GitExtensions\;C:\Program Files\Java\jdk1.8.0_60\bin;D:\Tools\openssl-0.9.8k_X64\bin;C:\Users\TOIDV\AppData\Local\Android\sdk\platform-tools;C:\Program Files\nodejs\;C:\Program Files (x86)\EaseUS\Todo Backup\bin;C:\Go\bin;C:\ProgramData\chocolatey\bin;C:\tools\ruby23\bin;C:\ProgramData\chocolatey;C:\Program Files (x86)\scala\bin;C:\tools\python2;C:\Program Files (x86)\Skype\Phone\;E:\Tools\openssl-0.9.8k_X64\bin;E:\Tools\Android Tool\pidcat-master\pidcat.py;C:\tools\ruby23\bin;C:\KonyVisualizerEnterprise7.0.0/gradle/bin;C:\KonyVisualizerEnterprise7.0.0\ImageMagick;C:\KonyVisualizerEnterprise7.0.0\Ant\bin;C:\Users\TOIDV\AppData\Local\Android\sdk\platform-tools;C:\Users\TOIDV\AppData\Local\Android\sdk\tools;C:\KonyVisualizerEnterprise7.0.0\Java\jdk1.7.0_67\bin;C:\Go\bin;C:\Users\TOIDV\AppData\Roaming\npm;C:\Users\TOIDV\AppData\Local\atom\bin;C:\Program Files (x86)\Microsoft VS Code\bin;C:\Program Files (x86)\EaseUS\Todo Backup\bin\x64\
USERNAME=TOIDV
OS=Windows_NT
PROCESSOR_IDENTIFIER=Intel64 Family 6 Model 42 Stepping 7, GenuineIntel



---------------  S Y S T E M  ---------------

OS: Windows 10.0 , 64 bit Build 10586 (10.0.10586.589)

CPU:total 4 (2 cores per cpu, 2 threads per core) family 6 model 42 stepping 7, cmov, cx8, fxsr, mmx, sse, sse2, sse3, ssse3, sse4.1, sse4.2, popcnt, avx, aes, clmul, ht, tsc, tscinvbit

Memory: 4k page, physical 8268024k(1165296k free), swap 14947552k(4148k free)

vm_info: OpenJDK 64-Bit Server VM (25.76-b03) for windows-amd64 JRE (1.8.0_76-release-b03), built on Jun 29 2016 19:09:20 by "ralucas" with MS VC++ 10.0 (VS2010)

time: Thu Nov 03 10:49:51 2016
elapsed time: 3 seconds (0d 0h 0m 3s)

