#
# There is insufficient memory for the Java Runtime Environment to continue.
# Native memory allocation (malloc) failed to allocate 350016 bytes for Chunk::new
# Possible reasons:
#   The system is out of physical RAM or swap space
#   In 32 bit mode, the process size limit was hit
# Possible solutions:
#   Reduce memory load on the system
#   Increase physical memory or swap space
#   Check if swap backing store is full
#   Use 64 bit Java on a 64 bit OS
#   Decrease Java heap size (-Xmx/-Xms)
#   Decrease number of Java threads
#   Decrease Java thread stack sizes (-Xss)
#   Set larger code cache with -XX:ReservedCodeCacheSize=
# This output file may be truncated or incomplete.
#
#  Out of Memory Error (allocation.cpp:390), pid=4884, tid=0x0000000000002c4c
#
# JRE version: OpenJDK Runtime Environment (8.0_76-b03) (build 1.8.0_76-release-b03)
# Java VM: OpenJDK 64-Bit Server VM (25.76-b03 mixed mode windows-amd64 compressed oops)
# Failed to write core dump. Minidumps are not enabled by default on client versions of Windows
#

---------------  T H R E A D  ---------------

Current thread (0x000000001528f800):  JavaThread "C2 CompilerThread1" daemon [_thread_in_native, id=11340, stack(0x00000000169f0000,0x0000000016af0000)]

Stack: [0x00000000169f0000,0x0000000016af0000]
[error occurred during error reporting (printing stack bounds), id 0xc0000005]

Native frames: (J=compiled Java code, j=interpreted, Vv=VM code, C=native code)


Current CompileTask:
C2:   2218 1100       4       com.android.dx.ssa.SCCP::simulateStmt (481 bytes)


---------------  P R O C E S S  ---------------

Java Threads: ( => current thread )
  0x0000000016e7d800 JavaThread "pool-1-thread-4" [_thread_in_vm, id=4548, stack(0x00000000175f0000,0x00000000176f0000)]
  0x0000000016e7d000 JavaThread "pool-1-thread-3" [_thread_blocked, id=12176, stack(0x00000000174f0000,0x00000000175f0000)]
  0x0000000016e82800 JavaThread "pool-1-thread-2" [_thread_blocked, id=5412, stack(0x00000000173f0000,0x00000000174f0000)]
  0x0000000016d55800 JavaThread "pool-2-thread-1" [_thread_blocked, id=3140, stack(0x00000000172f0000,0x00000000173f0000)]
  0x0000000016d54800 JavaThread "pool-1-thread-1" [_thread_in_Java, id=10252, stack(0x00000000171f0000,0x00000000172f0000)]
  0x00000000152ee800 JavaThread "Service Thread" daemon [_thread_blocked, id=6544, stack(0x0000000016ff0000,0x00000000170f0000)]
  0x00000000152e9800 JavaThread "C1 CompilerThread2" daemon [_thread_blocked, id=11660, stack(0x0000000016af0000,0x0000000016bf0000)]
=>0x000000001528f800 JavaThread "C2 CompilerThread1" daemon [_thread_in_native, id=11340, stack(0x00000000169f0000,0x0000000016af0000)]
  0x000000001528d800 JavaThread "C2 CompilerThread0" daemon [_thread_in_native, id=2764, stack(0x00000000168f0000,0x00000000169f0000)]
  0x000000001528c000 JavaThread "Attach Listener" daemon [_thread_blocked, id=6728, stack(0x00000000167f0000,0x00000000168f0000)]
  0x000000001528b000 JavaThread "Signal Dispatcher" daemon [_thread_blocked, id=7020, stack(0x00000000166f0000,0x00000000167f0000)]
  0x0000000015278000 JavaThread "Finalizer" daemon [_thread_blocked, id=3804, stack(0x0000000016510000,0x0000000016610000)]
  0x0000000015256800 JavaThread "Reference Handler" daemon [_thread_blocked, id=2396, stack(0x0000000016410000,0x0000000016510000)]
  0x0000000002bbd800 JavaThread "main" [_thread_in_Java, id=2992, stack(0x00000000028b0000,0x00000000029b0000)]

Other Threads:
  0x0000000015253800 VMThread [stack: 0x0000000016310000,0x0000000016410000] [id=8860]
  0x0000000016bf1800 WatcherThread [stack: 0x00000000170f0000,0x00000000171f0000] [id=1780]

VM state:not at safepoint (normal execution)

VM Mutex/Monitor currently owned by a thread: None

Heap:
 PSYoungGen      total 38400K, used 32256K [0x00000000eab00000, 0x00000000ed580000, 0x0000000100000000)
  eden space 33280K, 96% used [0x00000000eab00000,0x00000000eca80350,0x00000000ecb80000)
  from space 5120K, 0% used [0x00000000ed080000,0x00000000ed080000,0x00000000ed580000)
  to   space 5120K, 0% used [0x00000000ecb80000,0x00000000ecb80000,0x00000000ed080000)
 ParOldGen       total 87552K, used 0K [0x00000000c0000000, 0x00000000c5580000, 0x00000000eab00000)
  object space 87552K, 0% used [0x00000000c0000000,0x00000000c0000000,0x00000000c5580000)
 Metaspace       used 5899K, capacity 6896K, committed 7040K, reserved 1056768K
  class space    used 575K, capacity 616K, committed 640K, reserved 1048576K

Card table byte_map: [0x0000000011f80000,0x0000000012190000] byte_map_base: 0x0000000011980000

Marking Bits: (ParMarkBitMap*) 0x0000000067519d00
 Begin Bits: [0x00000000126f0000, 0x00000000136f0000)
 End Bits:   [0x00000000136f0000, 0x00000000146f0000)

Polling page: 0x0000000000da0000

CodeCache: size=245760Kb used=4706Kb max_used=4712Kb free=241053Kb
 bounds [0x0000000002bc0000, 0x0000000003060000, 0x0000000011bc0000]
 total_blobs=1403 nmethods=1134 adapters=182
 compilation: disabled (not enough contiguous free space left)

Compilation events (10 events):
Event: 2.193 Thread 0x000000001528d800 nmethod 1157 0x0000000003050cd0 code [0x0000000003050e00, 0x0000000003050f38]
Event: 2.193 Thread 0x000000001528d800 1146   !   4       com.android.dx.rop.code.BasicBlock::<init> (273 bytes)
Event: 2.202 Thread 0x00000000152e9800 1169       3       com.android.dx.ssa.SsaRenamer$BlockRenamer::addMapping (143 bytes)
Event: 2.203 Thread 0x000000001528d800 nmethod 1146 0x0000000003059990 code [0x0000000003059b00, 0x000000000305a158]
Event: 2.203 Thread 0x000000001528d800 1180 %     4       com.android.dx.ssa.SsaMethod::deleteInsns @ 42 (239 bytes)
Event: 2.203 Thread 0x00000000152e9800 nmethod 1169 0x000000000305d390 code [0x000000000305d5a0, 0x000000000305e468]
Event: 2.203 Thread 0x00000000152e9800 1176       1       com.android.dx.cf.code.BasicBlocker::setPreviousOffset (6 bytes)
Event: 2.204 Thread 0x00000000152e9800 nmethod 1176 0x000000000305d0d0 code [0x000000000305d220, 0x000000000305d330]
Event: 2.204 Thread 0x00000000152e9800 1181       3       com.android.dx.ssa.back.SsaToRop::convertBasicBlocks (151 bytes)
Event: 2.216 Thread 0x00000000152e9800 


GC Heap History (0 events):
No events

Deoptimization events (10 events):
Event: 1.619 Thread 0x0000000016e7d000 Uncommon trap: reason=class_check action=maybe_recompile pc=0x0000000002e3f2d4 method=com.android.dx.ssa.NormalSsaInsn.accept(Lcom/android/dx/ssa/SsaInsn$Visitor;)V @ 9
Event: 1.620 Thread 0x0000000016e7d000 Uncommon trap: reason=class_check action=maybe_recompile pc=0x0000000002e3f2d4 method=com.android.dx.ssa.NormalSsaInsn.accept(Lcom/android/dx/ssa/SsaInsn$Visitor;)V @ 9
Event: 1.798 Thread 0x0000000016e82800 Uncommon trap: reason=unstable_if action=reinterpret pc=0x0000000002def934 method=java.util.BitSet.ensureCapacity(I)V @ 6
Event: 1.799 Thread 0x0000000016e82800 Uncommon trap: reason=class_check action=maybe_recompile pc=0x0000000002e3f2d4 method=com.android.dx.ssa.NormalSsaInsn.accept(Lcom/android/dx/ssa/SsaInsn$Visitor;)V @ 9
Event: 1.799 Thread 0x0000000016e82800 Uncommon trap: reason=class_check action=maybe_recompile pc=0x0000000002e3f2d4 method=com.android.dx.ssa.NormalSsaInsn.accept(Lcom/android/dx/ssa/SsaInsn$Visitor;)V @ 9
Event: 1.799 Thread 0x0000000016e82800 Uncommon trap: reason=class_check action=maybe_recompile pc=0x0000000002e07030 method=com.android.dx.ssa.NormalSsaInsn.accept(Lcom/android/dx/ssa/SsaInsn$Visitor;)V @ 9
Event: 2.186 Thread 0x0000000016e7d800 Uncommon trap: reason=unstable_if action=reinterpret pc=0x0000000002eaa518 method=com.android.dx.rop.code.RegisterSpec.equals(ILcom/android/dx/rop/type/TypeBearer;Lcom/android/dx/rop/code/LocalItem;)Z @ 42
Event: 2.194 Thread 0x0000000016e7d800 Uncommon trap: reason=unstable_if action=reinterpret pc=0x00000000030011a0 method=com.android.dx.ssa.SsaRenamer$BlockRenamer.addMapping(ILcom/android/dx/rop/code/RegisterSpec;)V @ 120
Event: 2.214 Thread 0x0000000002bbd800 Uncommon trap: reason=null_check action=make_not_entrant pc=0x0000000002f992f8 method=com.android.dx.ssa.SsaRenamer.getLocalForNewReg(I)Lcom/android/dx/rop/code/LocalItem; @ 19
Event: 2.214 Thread 0x0000000002bbd800 Uncommon trap: reason=null_check action=make_not_entrant pc=0x0000000002f824f8 method=com.android.dx.ssa.SsaRenamer.getLocalForNewReg(I)Lcom/android/dx/rop/code/LocalItem; @ 19

Internal exceptions (4 events):
Event: 0.069 Thread 0x0000000002bbd800 Exception <a 'java/lang/NoSuchMethodError': Method sun.misc.Unsafe.defineClass(Ljava/lang/String;[BII)Ljava/lang/Class; name or signature does not match> (0x00000000eab07cc0) thrown at [C:\src\android\AOSP-openjdk\external\jetbrains\jdk\hotspot\src\share\vçÿ2
[ì±?
Event: 0.069 Thread 0x0000000002bbd800 Exception <a 'java/lang/NoSuchMethodError': Method sun.misc.Unsafe.prefetchRead(Ljava/lang/Object;J)V name or signature does not match> (0x00000000eab07fa8) thrown at [C:\src\android\AOSP-openjdk\external\jetbrains\jdk\hotspot\src\share\vm\prims\jni.cpp, l™%`í∂@
Event: 2.214 Thread 0x0000000002bbd800 Implicit null exception at 0x0000000002f97bf8 to 0x0000000002f992c1
Event: 2.214 Thread 0x0000000002bbd800 Implicit null exception at 0x0000000002f810ad to 0x0000000002f824c5

Events (10 events):
Event: 2.194 Thread 0x0000000016e7d800 DEOPT PACKING pc=0x00000000030011a0 sp=0x00000000176ee6a0
Event: 2.194 Thread 0x0000000016e7d800 DEOPT UNPACKING pc=0x0000000002c0556a sp=0x00000000176ee630 mode 2
Event: 2.198 Thread 0x0000000016e7d800 DEOPT PACKING pc=0x0000000002e583cf sp=0x00000000176ee870
Event: 2.198 Thread 0x0000000016e7d800 DEOPT UNPACKING pc=0x0000000002c075bf sp=0x00000000176ee650 mode 0
Event: 2.214 Thread 0x0000000002bbd800 Uncommon trap: trap_request=0xfffffff4 fr.pc=0x0000000002f992f8
Event: 2.214 Thread 0x0000000002bbd800 DEOPT PACKING pc=0x0000000002f992f8 sp=0x00000000029ae530
Event: 2.214 Thread 0x0000000002bbd800 DEOPT UNPACKING pc=0x0000000002c0556a sp=0x00000000029ae338 mode 2
Event: 2.214 Thread 0x0000000002bbd800 Uncommon trap: trap_request=0xfffffff4 fr.pc=0x0000000002f824f8
Event: 2.214 Thread 0x0000000002bbd800 DEOPT PACKING pc=0x0000000002f824f8 sp=0x00000000029ae4c0
Event: 2.214 Thread 0x0000000002bbd800 DEOPT UNPACKING pc=0x0000000002c0556a sp=0x00000000029ae328 mode 2


Dynamic libraries:
0x00007ff695b00000 - 0x00007ff695b31000 	E:\Tools\android-studio-ide-145.3225885-windows\android-studio\jre\bin\java.exe
0x00007ffbaadc0000 - 0x00007ffbaaf81000 	C:\WINDOWS\SYSTEM32\ntdll.dll
0x00007ffbaa1d0000 - 0x00007ffbaa27d000 	C:\WINDOWS\system32\KERNEL32.DLL
0x00007ffba7f20000 - 0x00007ffba8108000 	C:\WINDOWS\system32\KERNELBASE.dll
0x00007ffbaa520000 - 0x00007ffbaa5c7000 	C:\WINDOWS\system32\ADVAPI32.dll
0x00007ffba9c00000 - 0x00007ffba9c9d000 	C:\WINDOWS\system32\msvcrt.dll
0x00007ffba9b50000 - 0x00007ffba9bab000 	C:\WINDOWS\system32\sechost.dll
0x00007ffbaac90000 - 0x00007ffbaadac000 	C:\WINDOWS\system32\RPCRT4.dll
0x00007ffbaa3c0000 - 0x00007ffbaa516000 	C:\WINDOWS\system32\USER32.dll
0x00007ffba9ca0000 - 0x00007ffba9e26000 	C:\WINDOWS\system32\GDI32.dll
0x00007ffb99c30000 - 0x00007ffb99ea4000 	C:\WINDOWS\WinSxS\amd64_microsoft.windows.common-controls_6595b64144ccf1df_6.0.10586.589_none_a2ddb3caa539acce\COMCTL32.dll
0x00007ffbaa640000 - 0x00007ffbaa8bd000 	C:\WINDOWS\system32\combase.dll
0x00007ffba7470000 - 0x00007ffba74da000 	C:\WINDOWS\system32\bcryptPrimitives.dll
0x00007ffba9bb0000 - 0x00007ffba9beb000 	C:\WINDOWS\system32\IMM32.DLL
0x0000000066910000 - 0x00000000669e2000 	E:\Tools\android-studio-ide-145.3225885-windows\android-studio\jre\jre\bin\msvcr100.dll
0x0000000066d60000 - 0x0000000067594000 	E:\Tools\android-studio-ide-145.3225885-windows\android-studio\jre\jre\bin\server\jvm.dll
0x00007ffbaac80000 - 0x00007ffbaac88000 	C:\WINDOWS\system32\PSAPI.DLL
0x00007ffba5a60000 - 0x00007ffba5a69000 	C:\WINDOWS\SYSTEM32\WSOCK32.dll
0x00007ffbaa5d0000 - 0x00007ffbaa63b000 	C:\WINDOWS\system32\WS2_32.dll
0x00007ffba5350000 - 0x00007ffba5373000 	C:\WINDOWS\SYSTEM32\WINMM.dll
0x00007ffb9c1b0000 - 0x00007ffb9c1ba000 	C:\WINDOWS\SYSTEM32\VERSION.dll
0x00007ffba5320000 - 0x00007ffba534c000 	C:\WINDOWS\SYSTEM32\WINMMBASE.dll
0x00007ffba7b90000 - 0x00007ffba7bd3000 	C:\WINDOWS\system32\cfgmgr32.dll
0x00007ffba1c70000 - 0x00007ffba1c7f000 	E:\Tools\android-studio-ide-145.3225885-windows\android-studio\jre\jre\bin\verify.dll
0x00007ffb93140000 - 0x00007ffb93169000 	E:\Tools\android-studio-ide-145.3225885-windows\android-studio\jre\jre\bin\java.dll
0x00007ffb958a0000 - 0x00007ffb958b6000 	E:\Tools\android-studio-ide-145.3225885-windows\android-studio\jre\jre\bin\zip.dll
0x00007ffba81c0000 - 0x00007ffba971c000 	C:\WINDOWS\system32\SHELL32.dll
0x00007ffba7540000 - 0x00007ffba7b85000 	C:\WINDOWS\system32\windows.storage.dll
0x00007ffbaabc0000 - 0x00007ffbaac12000 	C:\WINDOWS\system32\shlwapi.dll
0x00007ffba7410000 - 0x00007ffba741f000 	C:\WINDOWS\system32\kernel.appcore.dll
0x00007ffba7be0000 - 0x00007ffba7c95000 	C:\WINDOWS\system32\shcore.dll
0x00007ffba7420000 - 0x00007ffba746b000 	C:\WINDOWS\system32\powrprof.dll
0x00007ffba73e0000 - 0x00007ffba73f4000 	C:\WINDOWS\system32\profapi.dll

VM Arguments:
jvm_args: -Djava.awt.headless=true -Xmx1024M -Dfile.encoding=windows-1252 -Duser.country=US -Duser.language=en -Duser.variant 
java_command: com.android.dx.command.Main --dex --num-threads=4 --output D:\Source codes\ToiDV\android-best-practice\app\build\intermediates\pre-dexed\debug\com.afollestad.material-dialogs-core-0.8.6.1_5f04cfdd53d16b544dda37917dc6e3ab843a1c31.jar D:\Source codes\ToiDV\android-best-practice\app\build\intermediates\exploded-aar\com.afollestad.material-dialogs\core\0.8.6.1\jars\classes.jar
java_class_path (initial): C:\Users\TOIDV\AppData\Local\Android\sdk\build-tools\24.0.0\lib\dx.jar
Launcher Type: SUN_STANDARD

Environment Variables:
PATH=C:\ProgramData\Oracle\Java\javapath;C:\WINDOWS\system32;C:\WINDOWS;C:\WINDOWS\System32\Wbem;C:\WINDOWS\System32\WindowsPowerShell\v1.0\;C:\Program Files (x86)\GtkSharp\2.12\bin;C:\Program Files (x86)\GitExtensions\;C:\Program Files\Java\jdk1.8.0_60\bin;D:\Tools\openssl-0.9.8k_X64\bin;C:\Users\TOIDV\AppData\Local\Android\sdk\platform-tools;C:\Program Files\nodejs\;C:\Program Files (x86)\EaseUS\Todo Backup\bin;C:\Go\bin;C:\ProgramData\chocolatey\bin;C:\tools\ruby23\bin;C:\ProgramData\chocolatey;C:\Program Files (x86)\scala\bin;C:\tools\python2;C:\Program Files (x86)\Skype\Phone\;E:\Tools\openssl-0.9.8k_X64\bin;E:\Tools\Android Tool\pidcat-master\pidcat.py;C:\tools\ruby23\bin;C:\KonyVisualizerEnterprise7.0.0/gradle/bin;C:\KonyVisualizerEnterprise7.0.0\ImageMagick;C:\KonyVisualizerEnterprise7.0.0\Ant\bin;C:\Users\TOIDV\AppData\Local\Android\sdk\platform-tools;C:\Users\TOIDV\AppData\Local\Android\sdk\tools;C:\KonyVisualizerEnterprise7.0.0\Java\jdk1.7.0_67\bin;C:\Go\bin;C:\Users\TOIDV\AppData\Roaming\npm;C:\Users\TOIDV\AppData\Local\atom\bin;C:\Program Files (x86)\Microsoft VS Code\bin;C:\Program Files (x86)\EaseUS\Todo Backup\bin\x64\
USERNAME=TOIDV
OS=Windows_NT
PROCESSOR_IDENTIFIER=Intel64 Family 6 Model 42 Stepping 7, GenuineIntel



---------------  S Y S T E M  ---------------

OS: Windows 10.0 , 64 bit Build 10586 (10.0.10586.589)

CPU:total 4 (2 cores per cpu, 2 threads per core) family 6 model 42 stepping 7, cmov, cx8, fxsr, mmx, sse, sse2, sse3, ssse3, sse4.1, sse4.2, popcnt, avx, aes, clmul, ht, tsc, tscinvbit

Memory: 4k page, physical 8268024k(1167236k free), swap 14947552k(5124k free)

vm_info: OpenJDK 64-Bit Server VM (25.76-b03) for windows-amd64 JRE (1.8.0_76-release-b03), built on Jun 29 2016 19:09:20 by "ralucas" with MS VC++ 10.0 (VS2010)

time: Thu Nov 03 10:49:47 2016
elapsed time: 2 seconds (0d 0h 0m 2s)

